[2023-07-03 06:15:01] Failed to restart
[2023-07-03 06:20:01] Failed
[2023-07-03 06:20:01] Failed to restart
Created file: /var/run/mongodb/mongod.pid
Changed ownership of /var/run/mongodb/mongod.pid to mongod:mongod
[2023-07-03 06:20:01] Failed to restart
[2023-07-03 06:25:01] Failed
[2023-07-03 06:25:01] Failed to restart
Created file: /var/run/mongodb/mongod.pid
Changed ownership of /var/run/mongodb/mongod.pid to mongod:mongod
[2023-07-03 06:25:01] Failed to restart
[2023-07-03 06:30:01] Failed
[2023-07-03 06:30:01] Failed to restart
Created file: /var/run/mongodb/mongod.pid
Changed ownership of /var/run/mongodb/mongod.pid to mongod:mongod
[2023-07-03 06:30:01] Failed to restart
[2023-07-03 06:35:01] Failed
[2023-07-03 06:35:01] Failed to restart
Created file: /var/run/mongodb/mongod.pid
Changed ownership of /var/run/mongodb/mongod.pid to mongod:mongod
[2023-07-03 06:35:01] Failed to restart
[2023-07-03 06:40:01] Failed
[2023-07-03 06:40:01] Failed to restart
Created file: /var/run/mongodb/mongod.pid
Changed ownership of /var/run/mongodb/mongod.pid to mongod:mongod
[2023-07-03 06:40:01] Failed to restart
[2023-07-03 06:45:01] Failed
[2023-07-03 06:45:01] Failed to restart
Created file: /var/run/mongodb/mongod.pid
Changed ownership of /var/run/mongodb/mongod.pid to mongod:mongod
[2023-07-03 06:45:01] Failed to restart
[2023-07-03 06:50:01] Failed
[2023-07-03 06:50:01] Failed to restart
Created file: /var/run/mongodb/mongod.pid
Changed ownership of /var/run/mongodb/mongod.pid to mongod:mongod
[2023-07-03 06:50:01] Failed to restart
[2023-07-03 06:55:01] Failed
[2023-07-03 06:55:01] Failed to restart
Created file: /var/run/mongodb/mongod.pid
Changed ownership of /var/run/mongodb/mongod.pid to mongod:mongod
[2023-07-03 06:55:01] Failed to restart
[2023-07-03 07:00:01] Failed
[2023-07-03 07:00:01] Failed to restart
Created directory: /var/run/mongodb
Created file: /var/run/mongodb/mongod.pid
Changed ownership of /var/run/mongodb/mongod.pid to mongod:mongod
[2023-07-03 07:00:01] Failed to restart
[2023-07-03 07:05:01] Failed
[2023-07-03 07:05:01] Failed to restart
Created file: /var/run/mongodb/mongod.pid
Changed ownership of /var/run/mongodb/mongod.pid to mongod:mongod
[2023-07-03 07:05:01] Failed to restart
[2023-07-03 07:10:01] Failed
[2023-07-03 07:10:01] Failed to restart
Created file: /var/run/mongodb/mongod.pid
Changed ownership of /var/run/mongodb/mongod.pid to mongod:mongod
[2023-07-03 07:10:01] Failed to restart
[2023-07-03 07:15:01] Failed
[2023-07-03 07:15:01] Failed to restart
Created file: /var/run/mongodb/mongod.pid
Changed ownership of /var/run/mongodb/mongod.pid to mongod:mongod
[2023-07-03 07:15:01] Failed to restart
[2023-07-03 07:20:01] Failed
[2023-07-03 07:20:01] Failed to restart
Created file: /var/run/mongodb/mongod.pid
Changed ownership of /var/run/mongodb/mongod.pid to mongod:mongod
[2023-07-03 07:20:01] Failed to restart
[2023-07-03 07:25:01] Failed
[2023-07-03 07:25:01] Failed to restart
Created file: /var/run/mongodb/mongod.pid
Changed ownership of /var/run/mongodb/mongod.pid to mongod:mongod
[2023-07-03 07:25:01] Failed to restart
[2023-07-03 07:30:02] Failed
[2023-07-03 07:30:02] Failed to restart
Created file: /var/run/mongodb/mongod.pid
Changed ownership of /var/run/mongodb/mongod.pid to mongod:mongod
[2023-07-03 07:30:02] Failed to restart
[2023-07-03 07:35:01] Failed
[2023-07-03 07:35:01] Failed to restart
Created file: /var/run/mongodb/mongod.pid
Changed ownership of /var/run/mongodb/mongod.pid to mongod:mongod
[2023-07-03 07:35:01] Failed to restart
[2023-07-03 07:40:02] Failed
[2023-07-03 07:40:02] Failed to restart
Created file: /var/run/mongodb/mongod.pid
Changed ownership of /var/run/mongodb/mongod.pid to mongod:mongod
[2023-07-03 07:40:02] Failed to restart
[2023-07-03 07:45:01] Failed
[2023-07-03 07:45:01] Failed to restart
Created file: /var/run/mongodb/mongod.pid
Changed ownership of /var/run/mongodb/mongod.pid to mongod:mongod
[2023-07-03 07:45:01] Failed to restart
[2023-07-03 07:50:02] Failed
[2023-07-03 07:50:02] Failed to restart
Created file: /var/run/mongodb/mongod.pid
Changed ownership of /var/run/mongodb/mongod.pid to mongod:mongod
[2023-07-03 07:50:02] Failed to restart
[2023-07-03 07:55:02] Failed
[2023-07-03 07:55:02] Failed to restart
Created file: /var/run/mongodb/mongod.pid
Changed ownership of /var/run/mongodb/mongod.pid to mongod:mongod
[2023-07-03 07:55:02] Failed to restart
[2023-07-03 08:00:01] Failed
[2023-07-03 08:00:01] Failed to restart
Created file: /var/run/mongodb/mongod.pid
Changed ownership of /var/run/mongodb/mongod.pid to mongod:mongod
[2023-07-03 08:00:01] Failed to restart
[2023-07-03 08:05:01] Failed
[2023-07-03 08:05:01] Failed to restart
Created file: /var/run/mongodb/mongod.pid
Changed ownership of /var/run/mongodb/mongod.pid to mongod:mongod
[2023-07-03 08:05:01] Failed to restart
[2023-07-03 08:10:01] Failed
[2023-07-03 08:10:01] Failed to restart
Created file: /var/run/mongodb/mongod.pid
Changed ownership of /var/run/mongodb/mongod.pid to mongod:mongod
[2023-07-03 08:10:01] Failed to restart
[2023-07-03 08:15:01] Failed
[2023-07-03 08:15:01] Failed to restart
Created file: /var/run/mongodb/mongod.pid
Changed ownership of /var/run/mongodb/mongod.pid to mongod:mongod
[2023-07-03 08:15:01] Failed to restart
[2023-07-03 08:20:02] Failed
[2023-07-03 08:20:02] Failed to restart
Created file: /var/run/mongodb/mongod.pid
Changed ownership of /var/run/mongodb/mongod.pid to mongod:mongod
[2023-07-03 08:20:02] Failed to restart
[2023-07-03 08:25:01] Failed
[2023-07-03 08:25:01] Failed to restart
Created file: /var/run/mongodb/mongod.pid
Changed ownership of /var/run/mongodb/mongod.pid to mongod:mongod
[2023-07-03 08:25:01] Failed to restart
[2023-07-03 08:30:01] Failed
[2023-07-03 08:30:01] Failed to restart
Created file: /var/run/mongodb/mongod.pid
Changed ownership of /var/run/mongodb/mongod.pid to mongod:mongod
[2023-07-03 08:30:01] Failed to restart
[2023-07-03 08:35:01] Failed
[2023-07-03 08:35:01] Failed to restart
Created file: /var/run/mongodb/mongod.pid
Changed ownership of /var/run/mongodb/mongod.pid to mongod:mongod
[2023-07-03 08:35:01] Failed to restart
[2023-07-03 08:40:01] Failed
[2023-07-03 08:40:01] Failed to restart
Created file: /var/run/mongodb/mongod.pid
Changed ownership of /var/run/mongodb/mongod.pid to mongod:mongod
[2023-07-03 08:40:01] Failed to restart
[2023-07-03 08:45:01] Failed
[2023-07-03 08:45:01] Failed to restart
Created file: /var/run/mongodb/mongod.pid
Changed ownership of /var/run/mongodb/mongod.pid to mongod:mongod
[2023-07-03 08:45:01] Failed to restart
[2023-07-03 08:50:01] Failed
[2023-07-03 08:50:01] Failed to restart
Created file: /var/run/mongodb/mongod.pid
Changed ownership of /var/run/mongodb/mongod.pid to mongod:mongod
[2023-07-03 08:50:01] Failed to restart
[2023-07-03 08:55:01] Failed
[2023-07-03 08:55:01] Failed to restart
Created file: /var/run/mongodb/mongod.pid
Changed ownership of /var/run/mongodb/mongod.pid to mongod:mongod
[2023-07-03 08:55:01] Failed to restart
[2023-07-03 09:00:01] Failed
[2023-07-03 09:00:01] Failed to restart
Created file: /var/run/mongodb/mongod.pid
Changed ownership of /var/run/mongodb/mongod.pid to mongod:mongod
[2023-07-03 09:00:01] Failed to restart
[2023-07-03 09:05:01] Failed
[2023-07-03 09:05:01] Failed to restart
Created file: /var/run/mongodb/mongod.pid
Changed ownership of /var/run/mongodb/mongod.pid to mongod:mongod
[2023-07-03 09:05:01] Failed to restart
[2023-07-03 09:10:02] Failed
[2023-07-03 09:10:02] Failed to restart
Created file: /var/run/mongodb/mongod.pid
Changed ownership of /var/run/mongodb/mongod.pid to mongod:mongod
[2023-07-03 09:10:02] Failed to restart
[2023-07-03 09:15:01] Success  Main PID: 22997 (mongod)
[2023-07-03 09:20:01] Success  Main PID: 22997 (mongod)
[2023-07-03 09:25:01] Success  Main PID: 22997 (mongod)
[2023-07-03 09:30:01] Success  Main PID: 22997 (mongod)
[2023-07-03 09:35:01] Success  Main PID: 22997 (mongod)
[2023-07-03 09:40:01] Success  Main PID: 22997 (mongod)
[2023-07-03 09:45:01] Success  Main PID: 22997 (mongod)
[2023-07-03 09:50:02] Success  Main PID: 22997 (mongod)
[2023-07-03 09:55:01] Success  Main PID: 22997 (mongod)
[2023-07-03 10:00:01] Success  Main PID: 22997 (mongod)
[2023-07-03 10:05:01] Success  Main PID: 22997 (mongod)
[2023-07-03 10:10:01] Success  Main PID: 22997 (mongod)
[2023-07-03 10:15:02] Success  Main PID: 22997 (mongod)
[2023-07-03 10:20:01] Success  Main PID: 22997 (mongod)
[2023-07-03 10:25:01] Success  Main PID: 22997 (mongod)
[2023-07-03 10:30:01] Success  Main PID: 22997 (mongod)
[2023-07-03 10:35:01] Success  Main PID: 22997 (mongod)
[2023-07-03 10:40:01] Success  Main PID: 22997 (mongod)
[2023-07-03 10:45:01] Failed
[2023-07-03 10:45:01] Failed to restart
Created file: /var/run/mongodb/mongod.pid
Changed ownership of /var/run/mongodb/mongod.pid to mongod:mongod
[2023-07-03 10:45:01] Successfully restarted
[2023-07-03 10:50:01] Success  Main PID: 9005 (mongod)
[2023-07-03 10:55:02] Success  Main PID: 9005 (mongod)
[2023-07-03 10:59:28] Success  Main PID: 9005 (mongod)
[2023-07-03 11:00:01] Success  Main PID: 9005 (mongod)
[2023-07-03 11:02:13] Success  Main PID: 9005 (mongod)
[2023-07-03 11:05:01] Success  Main PID: 9005 (mongod)
[2023-07-03 11:10:01] Success  Main PID: 9005 (mongod)
[2023-07-03 11:15:01] Success  Main PID: 9005 (mongod)
[2023-07-03 11:20:02] Success  Main PID: 9005 (mongod)
[2023-07-03 11:25:02] Success  Main PID: 9005 (mongod)
[2023-07-03 11:30:01] Success  Main PID: 9005 (mongod)
[2023-07-03 11:35:01] Success  Main PID: 9005 (mongod)
[2023-07-03 11:40:01] Success  Main PID: 9005 (mongod)
[2023-07-03 11:45:02] Success  Main PID: 9005 (mongod)
[2023-07-03 11:50:01] Success  Main PID: 9005 (mongod)
[2023-07-03 11:55:01] Success  Main PID: 9005 (mongod)
[2023-07-03 12:00:01] Success  Main PID: 9005 (mongod)
[2023-07-03 12:05:01] Success  Main PID: 9005 (mongod)
[2023-07-03 12:10:01] Success  Main PID: 9005 (mongod)
[2023-07-03 12:15:01] Success  Main PID: 9005 (mongod)
[2023-07-03 12:20:01] Success  Main PID: 9005 (mongod)
[2023-07-03 12:25:01] Success  Main PID: 9005 (mongod)
[2023-07-03 12:30:01] Success  Main PID: 9005 (mongod)
[2023-07-03 12:35:01] Success  Main PID: 9005 (mongod)
[2023-07-03 12:40:01] Success  Main PID: 9005 (mongod)
[2023-07-03 12:45:02] Success  Main PID: 9005 (mongod)
[2023-07-03 12:50:01] Success  Main PID: 9005 (mongod)
[2023-07-03 12:55:01] Success  Main PID: 9005 (mongod)
[2023-07-03 13:00:01] Success  Main PID: 9005 (mongod)
[2023-07-03 13:05:01] Success  Main PID: 9005 (mongod)
[2023-07-03 13:10:02] Success  Main PID: 9005 (mongod)
[2023-07-03 13:15:02] Success  Main PID: 9005 (mongod)
[2023-07-03 13:20:01] Success  Main PID: 9005 (mongod)
[2023-07-03 13:25:01] Success  Main PID: 9005 (mongod)
[2023-07-03 13:30:01] Success  Main PID: 9005 (mongod)
[2023-07-03 13:35:01] Success  Main PID: 9005 (mongod)
[2023-07-03 13:40:01] Success  Main PID: 9005 (mongod)
[2023-07-03 13:45:01] Success  Main PID: 9005 (mongod)
[2023-07-03 13:50:01] Success  Main PID: 9005 (mongod)
[2023-07-03 13:55:01] Success  Main PID: 9005 (mongod)
[2023-07-03 14:00:01] Success  Main PID: 9005 (mongod)
[2023-07-03 14:05:01] Success  Main PID: 9005 (mongod)
[2023-07-03 14:10:01] Success  Main PID: 9005 (mongod)
[2023-07-03 14:15:01] Success  Main PID: 9005 (mongod)
[2023-07-03 14:20:02] Success  Main PID: 9005 (mongod)
[2023-07-03 14:25:01] Success  Main PID: 9005 (mongod)
[2023-07-03 14:30:01] Success  Main PID: 9005 (mongod)
[2023-07-03 14:35:01] Success  Main PID: 9005 (mongod)
[2023-07-03 14:40:01] Success  Main PID: 9005 (mongod)
[2023-07-03 14:45:01] Success  Main PID: 9005 (mongod)
[2023-07-03 14:50:01] Success  Main PID: 9005 (mongod)
[2023-07-03 14:55:01] Success  Main PID: 9005 (mongod)
[2023-07-03 15:00:01] Success  Main PID: 9005 (mongod)
[2023-07-03 15:05:02] Success  Main PID: 9005 (mongod)
[2023-07-03 15:10:01] Success  Main PID: 9005 (mongod)
[2023-07-03 15:15:01] Success  Main PID: 9005 (mongod)
[2023-07-03 15:20:02] Success  Main PID: 9005 (mongod)
[2023-07-03 15:25:01] Success  Main PID: 9005 (mongod)
[2023-07-03 15:30:01] Success  Main PID: 9005 (mongod)
[2023-07-03 15:35:01] Success  Main PID: 9005 (mongod)
[2023-07-03 15:40:01] Success  Main PID: 9005 (mongod)
[2023-07-03 15:45:02] Success  Main PID: 9005 (mongod)
[2023-07-03 15:50:01] Success  Main PID: 9005 (mongod)
[2023-07-03 15:55:01] Success  Main PID: 9005 (mongod)
[2023-07-03 16:00:01] Success  Main PID: 9005 (mongod)
[2023-07-03 16:05:01] Success  Main PID: 9005 (mongod)
[2023-07-03 16:10:01] Success  Main PID: 9005 (mongod)
[2023-07-03 16:15:01] Success  Main PID: 9005 (mongod)
[2023-07-03 16:20:01] Success  Main PID: 9005 (mongod)
[2023-07-03 16:25:01] Success  Main PID: 9005 (mongod)
[2023-07-03 16:30:01] Success  Main PID: 9005 (mongod)
[2023-07-03 16:35:01] Success  Main PID: 9005 (mongod)
[2023-07-03 16:40:01] Success  Main PID: 9005 (mongod)
[2023-07-03 16:45:01] Success  Main PID: 9005 (mongod)
[2023-07-03 16:50:01] Success  Main PID: 9005 (mongod)
[2023-07-03 16:55:01] Success  Main PID: 9005 (mongod)
[2023-07-03 17:00:02] Success  Main PID: 9005 (mongod)
[2023-07-03 17:05:01] Success  Main PID: 9005 (mongod)
[2023-07-03 17:10:01] Success  Main PID: 9005 (mongod)
[2023-07-03 17:15:01] Success  Main PID: 9005 (mongod)
[2023-07-03 17:20:02] Success  Main PID: 9005 (mongod)
[2023-07-03 17:25:01] Success  Main PID: 9005 (mongod)
[2023-07-03 17:30:01] Success  Main PID: 9005 (mongod)
[2023-07-03 17:35:01] Success  Main PID: 9005 (mongod)
[2023-07-03 17:40:01] Success  Main PID: 9005 (mongod)
[2023-07-03 17:45:01] Success  Main PID: 9005 (mongod)
[2023-07-03 17:50:01] Success  Main PID: 9005 (mongod)
[2023-07-03 17:55:01] Success  Main PID: 9005 (mongod)
[2023-07-03 18:00:01] Success  Main PID: 9005 (mongod)
[2023-07-03 18:05:01] Success  Main PID: 9005 (mongod)
[2023-07-03 18:10:01] Success  Main PID: 9005 (mongod)
[2023-07-03 18:15:01] Success  Main PID: 9005 (mongod)
[2023-07-03 18:20:01] Success  Main PID: 9005 (mongod)
[2023-07-03 18:25:01] Success  Main PID: 9005 (mongod)
[2023-07-03 18:30:01] Success  Main PID: 9005 (mongod)
[2023-07-03 18:35:01] Success  Main PID: 9005 (mongod)
[2023-07-03 18:40:01] Success  Main PID: 9005 (mongod)
[2023-07-03 18:45:01] Success  Main PID: 9005 (mongod)
[2023-07-03 18:50:01] Success  Main PID: 9005 (mongod)
[2023-07-03 18:55:01] Success  Main PID: 9005 (mongod)
[2023-07-03 19:00:02] Success  Main PID: 9005 (mongod)
[2023-07-03 19:05:01] Success  Main PID: 9005 (mongod)
[2023-07-03 19:10:02] Success  Main PID: 9005 (mongod)
[2023-07-03 19:15:01] Success  Main PID: 9005 (mongod)
[2023-07-03 19:20:01] Success  Main PID: 9005 (mongod)
[2023-07-03 19:25:01] Success  Main PID: 9005 (mongod)
[2023-07-03 19:30:01] Success  Main PID: 9005 (mongod)
[2023-07-03 19:35:01] Success  Main PID: 9005 (mongod)
[2023-07-03 19:40:02] Success  Main PID: 9005 (mongod)
[2023-07-03 19:45:01] Success  Main PID: 9005 (mongod)
[2023-07-03 19:50:02] Success  Main PID: 9005 (mongod)
[2023-07-03 19:55:01] Success  Main PID: 9005 (mongod)
[2023-07-03 20:00:02] Success  Main PID: 9005 (mongod)
[2023-07-03 20:05:01] Success  Main PID: 9005 (mongod)
[2023-07-03 20:10:01] Success  Main PID: 9005 (mongod)
[2023-07-03 20:15:02] Success  Main PID: 9005 (mongod)
[2023-07-03 20:20:02] Success  Main PID: 9005 (mongod)
[2023-07-03 20:25:01] Success  Main PID: 9005 (mongod)
[2023-07-03 20:30:02] Success  Main PID: 9005 (mongod)
[2023-07-03 20:35:01] Success  Main PID: 9005 (mongod)
[2023-07-03 20:40:01] Success  Main PID: 9005 (mongod)
[2023-07-03 20:45:01] Success  Main PID: 9005 (mongod)
[2023-07-03 20:50:01] Success  Main PID: 9005 (mongod)
[2023-07-03 20:55:01] Success  Main PID: 9005 (mongod)
[2023-07-03 21:00:01] Success  Main PID: 9005 (mongod)
[2023-07-03 21:05:01] Success  Main PID: 9005 (mongod)
[2023-07-03 21:10:02] Success  Main PID: 9005 (mongod)
[2023-07-03 21:15:01] Success  Main PID: 9005 (mongod)
[2023-07-03 21:20:01] Success  Main PID: 9005 (mongod)
[2023-07-03 21:25:01] Success  Main PID: 9005 (mongod)
[2023-07-03 21:30:02] Success  Main PID: 9005 (mongod)
[2023-07-03 21:35:01] Success  Main PID: 9005 (mongod)
[2023-07-03 21:40:01] Success  Main PID: 9005 (mongod)
[2023-07-03 21:45:01] Success  Main PID: 9005 (mongod)
[2023-07-03 21:50:01] Success  Main PID: 9005 (mongod)
[2023-07-03 21:55:01] Success  Main PID: 9005 (mongod)
[2023-07-03 22:00:01] Success  Main PID: 9005 (mongod)
[2023-07-03 22:05:02] Success  Main PID: 9005 (mongod)
[2023-07-03 22:10:02] Success  Main PID: 9005 (mongod)
[2023-07-03 22:15:01] Success  Main PID: 9005 (mongod)
[2023-07-03 22:20:01] Success  Main PID: 9005 (mongod)
[2023-07-03 22:25:02] Success  Main PID: 9005 (mongod)
[2023-07-03 22:30:01] Success  Main PID: 9005 (mongod)
[2023-07-03 22:35:01] Success  Main PID: 9005 (mongod)
[2023-07-03 22:40:01] Success  Main PID: 9005 (mongod)
[2023-07-03 22:45:01] Success  Main PID: 9005 (mongod)
[2023-07-03 22:50:01] Success  Main PID: 9005 (mongod)
[2023-07-03 22:55:01] Success  Main PID: 9005 (mongod)
[2023-07-03 23:00:01] Success  Main PID: 9005 (mongod)
[2023-07-03 23:05:02] Success  Main PID: 9005 (mongod)
[2023-07-03 23:10:02] Success  Main PID: 9005 (mongod)
[2023-07-03 23:15:01] Success  Main PID: 9005 (mongod)
[2023-07-03 23:20:02] Success  Main PID: 9005 (mongod)
[2023-07-03 23:25:01] Success  Main PID: 9005 (mongod)
[2023-07-03 23:30:01] Success  Main PID: 9005 (mongod)
[2023-07-03 23:35:02] Success  Main PID: 9005 (mongod)
[2023-07-03 23:40:01] Success  Main PID: 9005 (mongod)
[2023-07-03 23:45:02] Success  Main PID: 9005 (mongod)
[2023-07-03 23:50:01] Success  Main PID: 9005 (mongod)
[2023-07-03 23:55:01] Success  Main PID: 9005 (mongod)
[2023-07-04 00:00:01] Success  Main PID: 9005 (mongod)
[2023-07-04 00:05:01] Success  Main PID: 9005 (mongod)
[2023-07-04 00:10:02] Success  Main PID: 9005 (mongod)
[2023-07-04 00:15:01] Success  Main PID: 9005 (mongod)
[2023-07-04 00:20:02] Success  Main PID: 9005 (mongod)
[2023-07-04 00:25:01] Success  Main PID: 9005 (mongod)
[2023-07-04 00:30:01] Success  Main PID: 9005 (mongod)
[2023-07-04 00:35:02] Success  Main PID: 9005 (mongod)
[2023-07-04 00:40:01] Success  Main PID: 9005 (mongod)
[2023-07-04 00:45:01] Success  Main PID: 9005 (mongod)
[2023-07-04 00:50:02] Success  Main PID: 9005 (mongod)
[2023-07-04 00:55:01] Success  Main PID: 9005 (mongod)
[2023-07-04 01:00:01] Success  Main PID: 9005 (mongod)
[2023-07-04 01:05:02] Success  Main PID: 9005 (mongod)
[2023-07-04 01:10:01] Success  Main PID: 9005 (mongod)
[2023-07-04 01:15:01] Success  Main PID: 9005 (mongod)
[2023-07-04 01:20:01] Success  Main PID: 9005 (mongod)
[2023-07-04 01:25:02] Success  Main PID: 9005 (mongod)
[2023-07-04 01:30:01] Success  Main PID: 9005 (mongod)
[2023-07-04 01:35:01] Success  Main PID: 9005 (mongod)
[2023-07-04 01:40:01] Success  Main PID: 9005 (mongod)
[2023-07-04 01:45:01] Success  Main PID: 9005 (mongod)
[2023-07-04 01:50:01] Success  Main PID: 9005 (mongod)
[2023-07-04 01:55:02] Success  Main PID: 9005 (mongod)
[2023-07-04 02:00:01] Success  Main PID: 9005 (mongod)
[2023-07-04 02:05:01] Success  Main PID: 9005 (mongod)
[2023-07-04 02:10:01] Success  Main PID: 9005 (mongod)
[2023-07-04 02:15:01] Success  Main PID: 9005 (mongod)
[2023-07-04 02:20:01] Success  Main PID: 9005 (mongod)
[2023-07-04 02:25:01] Success  Main PID: 9005 (mongod)
[2023-07-04 02:30:02] Success  Main PID: 9005 (mongod)
[2023-07-04 02:35:02] Success  Main PID: 9005 (mongod)
[2023-07-04 02:40:01] Success  Main PID: 9005 (mongod)
[2023-07-04 02:45:01] Success  Main PID: 9005 (mongod)
[2023-07-04 02:50:01] Success  Main PID: 9005 (mongod)
[2023-07-04 02:55:01] Success  Main PID: 9005 (mongod)
[2023-07-04 03:00:02] Success  Main PID: 9005 (mongod)
[2023-07-04 03:05:01] Success  Main PID: 9005 (mongod)
[2023-07-04 03:10:01] Success  Main PID: 9005 (mongod)
[2023-07-04 03:15:01] Success  Main PID: 9005 (mongod)
[2023-07-04 03:20:01] Success  Main PID: 9005 (mongod)
[2023-07-04 03:25:01] Success  Main PID: 9005 (mongod)
[2023-07-04 03:30:01] Success  Main PID: 9005 (mongod)
[2023-07-04 03:35:01] Success  Main PID: 9005 (mongod)
[2023-07-04 03:40:01] Success  Main PID: 9005 (mongod)
[2023-07-04 03:45:01] Success  Main PID: 9005 (mongod)
[2023-07-04 03:50:02] Success  Main PID: 9005 (mongod)
[2023-07-04 03:55:01] Success  Main PID: 9005 (mongod)
[2023-07-04 04:00:01] Success  Main PID: 9005 (mongod)
[2023-07-04 04:05:01] Success  Main PID: 9005 (mongod)
[2023-07-04 04:10:02] Success  Main PID: 9005 (mongod)
[2023-07-04 04:15:01] Success  Main PID: 9005 (mongod)
[2023-07-04 04:20:01] Success  Main PID: 9005 (mongod)
[2023-07-04 04:25:02] Success  Main PID: 9005 (mongod)
[2023-07-04 04:30:01] Success  Main PID: 9005 (mongod)
[2023-07-04 04:35:01] Success  Main PID: 9005 (mongod)
[2023-07-04 04:40:02] Success  Main PID: 9005 (mongod)
[2023-07-04 04:45:01] Success  Main PID: 9005 (mongod)
[2023-07-04 04:50:01] Success  Main PID: 9005 (mongod)
[2023-07-04 04:55:01] Success  Main PID: 9005 (mongod)
[2023-07-04 05:00:01] Success  Main PID: 9005 (mongod)
[2023-07-04 05:05:01] Success  Main PID: 9005 (mongod)
[2023-07-04 05:10:01] Success  Main PID: 9005 (mongod)
[2023-07-04 05:15:01] Success  Main PID: 9005 (mongod)
[2023-07-04 05:20:01] Success  Main PID: 9005 (mongod)
[2023-07-04 05:25:02] Success  Main PID: 9005 (mongod)
[2023-07-04 05:30:02] Success  Main PID: 9005 (mongod)
[2023-07-04 05:35:01] Success  Main PID: 9005 (mongod)
[2023-07-04 05:40:01] Success  Main PID: 9005 (mongod)
[2023-07-04 05:45:01] Success  Main PID: 9005 (mongod)
[2023-07-04 05:50:01] Success  Main PID: 9005 (mongod)
[2023-07-04 05:55:01] Success  Main PID: 9005 (mongod)
[2023-07-04 06:00:01] Success  Main PID: 9005 (mongod)
[2023-07-04 06:05:01] Success  Main PID: 9005 (mongod)
[2023-07-04 06:10:01] Success  Main PID: 9005 (mongod)
[2023-07-04 06:15:01] Success  Main PID: 9005 (mongod)
[2023-07-04 06:20:01] Success  Main PID: 9005 (mongod)
[2023-07-04 06:25:01] Success  Main PID: 9005 (mongod)
[2023-07-04 06:30:01] Success  Main PID: 9005 (mongod)
[2023-07-04 06:35:01] Success  Main PID: 9005 (mongod)
[2023-07-04 06:40:01] Success  Main PID: 9005 (mongod)
[2023-07-04 06:45:01] Success  Main PID: 9005 (mongod)
[2023-07-04 06:50:01] Success  Main PID: 9005 (mongod)
[2023-07-04 06:55:01] Success  Main PID: 9005 (mongod)
[2023-07-04 07:00:02] Success  Main PID: 9005 (mongod)
[2023-07-04 07:05:01] Success  Main PID: 9005 (mongod)
[2023-07-04 07:10:01] Success  Main PID: 9005 (mongod)
[2023-07-04 07:15:01] Success  Main PID: 9005 (mongod)
[2023-07-04 07:20:01] Success  Main PID: 9005 (mongod)
[2023-07-04 07:25:01] Success  Main PID: 9005 (mongod)
[2023-07-04 07:30:01] Success  Main PID: 9005 (mongod)
[2023-07-04 07:35:02] Success  Main PID: 9005 (mongod)
[2023-07-04 07:40:01] Success  Main PID: 9005 (mongod)
[2023-07-04 07:45:01] Success  Main PID: 9005 (mongod)
[2023-07-04 07:50:01] Success  Main PID: 9005 (mongod)
[2023-07-04 07:55:01] Success  Main PID: 9005 (mongod)
[2023-07-04 08:00:01] Success  Main PID: 9005 (mongod)
[2023-07-04 08:05:01] Success  Main PID: 9005 (mongod)
[2023-07-04 08:10:01] Success  Main PID: 9005 (mongod)
[2023-07-04 08:15:01] Success  Main PID: 9005 (mongod)
[2023-07-04 08:20:01] Success  Main PID: 9005 (mongod)
[2023-07-04 08:25:01] Success  Main PID: 9005 (mongod)
[2023-07-04 08:30:01] Success  Main PID: 9005 (mongod)
[2023-07-04 08:35:01] Success  Main PID: 9005 (mongod)
[2023-07-04 08:40:01] Success  Main PID: 9005 (mongod)
[2023-07-04 08:45:01] Success  Main PID: 9005 (mongod)
[2023-07-04 08:50:01] Success  Main PID: 9005 (mongod)
[2023-07-04 08:55:02] Success  Main PID: 9005 (mongod)
[2023-07-04 09:00:01] Success  Main PID: 9005 (mongod)
[2023-07-04 09:05:01] Success  Main PID: 9005 (mongod)
[2023-07-04 09:10:01] Success  Main PID: 9005 (mongod)
[2023-07-04 09:15:02] Success  Main PID: 9005 (mongod)
[2023-07-04 09:20:01] Success  Main PID: 9005 (mongod)
[2023-07-04 09:25:01] Success  Main PID: 9005 (mongod)
[2023-07-04 09:30:01] Success  Main PID: 9005 (mongod)
[2023-07-04 09:35:01] Success  Main PID: 9005 (mongod)
[2023-07-04 09:40:01] Success  Main PID: 9005 (mongod)
[2023-07-04 09:45:01] Success  Main PID: 9005 (mongod)
[2023-07-04 09:50:01] Success  Main PID: 9005 (mongod)
[2023-07-04 09:55:02] Success  Main PID: 9005 (mongod)
[2023-07-04 10:00:01] Success  Main PID: 9005 (mongod)
[2023-07-04 10:05:01] Success  Main PID: 9005 (mongod)
[2023-07-04 10:10:02] Success  Main PID: 9005 (mongod)
[2023-07-04 10:15:01] Success  Main PID: 9005 (mongod)
[2023-07-04 10:20:01] Success  Main PID: 9005 (mongod)
[2023-07-04 10:25:01] Success  Main PID: 9005 (mongod)
[2023-07-04 10:30:01] Success  Main PID: 9005 (mongod)
[2023-07-04 10:35:01] Success  Main PID: 9005 (mongod)
[2023-07-04 10:40:02] Success  Main PID: 9005 (mongod)
[2023-07-04 10:45:01] Success  Main PID: 9005 (mongod)
[2023-07-04 10:50:01] Success  Main PID: 9005 (mongod)
[2023-07-04 10:55:01] Success  Main PID: 9005 (mongod)
[2023-07-04 11:00:01] Success  Main PID: 9005 (mongod)
[2023-07-04 11:05:01] Success  Main PID: 9005 (mongod)
[2023-07-04 11:10:01] Success  Main PID: 9005 (mongod)
[2023-07-04 11:15:01] Success  Main PID: 9005 (mongod)
[2023-07-04 11:20:01] Success  Main PID: 9005 (mongod)
[2023-07-04 11:25:01] Success  Main PID: 9005 (mongod)
[2023-07-04 11:30:01] Success  Main PID: 9005 (mongod)
[2023-07-04 11:35:01] Success  Main PID: 9005 (mongod)
[2023-07-04 11:40:02] Success  Main PID: 9005 (mongod)
[2023-07-04 11:45:01] Success  Main PID: 9005 (mongod)
[2023-07-04 11:50:01] Success  Main PID: 9005 (mongod)
[2023-07-04 11:55:01] Success  Main PID: 9005 (mongod)
[2023-07-04 12:00:01] Success  Main PID: 9005 (mongod)
[2023-07-04 12:05:01] Success  Main PID: 9005 (mongod)
[2023-07-04 12:10:01] Success  Main PID: 9005 (mongod)
[2023-07-04 12:15:02] Success  Main PID: 9005 (mongod)
[2023-07-04 12:20:01] Success  Main PID: 9005 (mongod)
[2023-07-04 12:25:01] Success  Main PID: 9005 (mongod)
[2023-07-04 12:30:02] Success  Main PID: 9005 (mongod)
[2023-07-04 12:35:01] Success  Main PID: 9005 (mongod)
[2023-07-04 12:40:01] Success  Main PID: 9005 (mongod)
[2023-07-04 12:45:01] Success  Main PID: 9005 (mongod)
[2023-07-04 12:50:01] Success  Main PID: 9005 (mongod)
[2023-07-04 12:55:01] Success  Main PID: 9005 (mongod)
[2023-07-04 13:00:01] Success  Main PID: 9005 (mongod)
[2023-07-04 13:05:01] Success  Main PID: 9005 (mongod)
[2023-07-04 13:10:02] Success  Main PID: 9005 (mongod)
[2023-07-04 13:15:02] Success  Main PID: 9005 (mongod)
[2023-07-04 13:20:01] Success  Main PID: 9005 (mongod)
[2023-07-04 13:25:01] Success  Main PID: 9005 (mongod)
[2023-07-04 13:30:02] Success  Main PID: 9005 (mongod)
[2023-07-04 13:35:01] Success  Main PID: 9005 (mongod)
[2023-07-04 13:40:02] Success  Main PID: 9005 (mongod)
[2023-07-04 13:45:01] Success  Main PID: 9005 (mongod)
[2023-07-04 13:50:01] Success  Main PID: 9005 (mongod)
[2023-07-04 13:55:01] Success  Main PID: 9005 (mongod)
[2023-07-04 14:00:01] Success  Main PID: 9005 (mongod)
[2023-07-04 14:05:01] Success  Main PID: 9005 (mongod)
[2023-07-04 14:10:01] Success  Main PID: 9005 (mongod)
[2023-07-04 14:15:02] Success  Main PID: 9005 (mongod)
[2023-07-04 14:20:01] Success  Main PID: 9005 (mongod)
[2023-07-04 14:25:01] Success  Main PID: 9005 (mongod)
[2023-07-04 14:30:02] Success  Main PID: 9005 (mongod)
[2023-07-04 14:35:01] Success  Main PID: 9005 (mongod)
[2023-07-04 14:40:02] Success  Main PID: 9005 (mongod)
[2023-07-04 14:45:01] Success  Main PID: 9005 (mongod)
[2023-07-04 14:50:01] Success  Main PID: 9005 (mongod)
[2023-07-04 14:55:01] Success  Main PID: 9005 (mongod)
[2023-07-04 15:00:01] Success  Main PID: 9005 (mongod)
[2023-07-04 15:05:02] Success  Main PID: 9005 (mongod)
[2023-07-04 15:10:01] Success  Main PID: 9005 (mongod)
[2023-07-04 15:15:01] Success  Main PID: 9005 (mongod)
[2023-07-04 15:20:01] Success  Main PID: 9005 (mongod)
[2023-07-04 15:25:01] Success  Main PID: 9005 (mongod)
[2023-07-04 15:30:01] Success  Main PID: 9005 (mongod)
[2023-07-04 15:35:01] Success  Main PID: 9005 (mongod)
[2023-07-04 15:40:01] Success  Main PID: 9005 (mongod)
[2023-07-04 15:45:01] Success  Main PID: 9005 (mongod)
[2023-07-04 15:50:01] Success  Main PID: 9005 (mongod)
[2023-07-04 15:55:01] Success  Main PID: 9005 (mongod)
[2023-07-04 16:00:02] Success  Main PID: 9005 (mongod)
[2023-07-04 16:05:02] Success  Main PID: 9005 (mongod)
[2023-07-04 16:10:01] Success  Main PID: 9005 (mongod)
[2023-07-04 16:15:02] Success  Main PID: 9005 (mongod)
[2023-07-04 16:20:01] Success  Main PID: 9005 (mongod)
[2023-07-04 16:25:01] Success  Main PID: 9005 (mongod)
[2023-07-04 16:30:02] Success  Main PID: 9005 (mongod)
[2023-07-04 16:35:02] Success  Main PID: 9005 (mongod)
[2023-07-04 16:40:02] Success  Main PID: 9005 (mongod)
[2023-07-04 16:45:02] Success  Main PID: 9005 (mongod)
[2023-07-04 16:50:01] Success  Main PID: 9005 (mongod)
[2023-07-04 16:55:01] Success  Main PID: 9005 (mongod)
[2023-07-04 17:00:02] Success  Main PID: 9005 (mongod)
[2023-07-04 17:05:01] Success  Main PID: 9005 (mongod)
[2023-07-04 17:10:01] Success  Main PID: 9005 (mongod)
[2023-07-04 17:15:01] Success  Main PID: 9005 (mongod)
[2023-07-04 17:20:01] Success  Main PID: 9005 (mongod)
[2023-07-04 17:25:01] Success  Main PID: 9005 (mongod)
[2023-07-04 17:30:01] Success  Main PID: 9005 (mongod)
[2023-07-04 17:35:01] Success  Main PID: 9005 (mongod)
[2023-07-04 17:40:01] Success  Main PID: 9005 (mongod)
[2023-07-04 17:45:02] Success  Main PID: 9005 (mongod)
[2023-07-04 17:50:01] Success  Main PID: 9005 (mongod)
[2023-07-04 17:55:02] Success  Main PID: 9005 (mongod)
[2023-07-04 18:00:01] Success  Main PID: 9005 (mongod)
[2023-07-04 18:05:01] Success  Main PID: 9005 (mongod)
[2023-07-04 18:10:01] Success  Main PID: 9005 (mongod)
[2023-07-04 18:15:01] Success  Main PID: 9005 (mongod)
[2023-07-04 18:20:01] Success  Main PID: 9005 (mongod)
[2023-07-04 18:25:01] Success  Main PID: 9005 (mongod)
[2023-07-04 18:30:01] Success  Main PID: 9005 (mongod)
[2023-07-04 18:35:01] Success  Main PID: 9005 (mongod)
[2023-07-04 18:40:02] Success  Main PID: 9005 (mongod)
[2023-07-04 18:45:01] Success  Main PID: 9005 (mongod)
[2023-07-04 18:50:01] Success  Main PID: 9005 (mongod)
[2023-07-04 18:55:01] Success  Main PID: 9005 (mongod)
[2023-07-04 19:00:01] Success  Main PID: 9005 (mongod)
[2023-07-04 19:05:01] Success  Main PID: 9005 (mongod)
[2023-07-04 19:10:01] Success  Main PID: 9005 (mongod)
[2023-07-04 19:15:02] Success  Main PID: 9005 (mongod)
[2023-07-04 19:20:01] Success  Main PID: 9005 (mongod)
[2023-07-04 19:25:01] Success  Main PID: 9005 (mongod)
[2023-07-04 19:30:02] Success  Main PID: 9005 (mongod)
[2023-07-04 19:35:01] Success  Main PID: 9005 (mongod)
[2023-07-04 19:40:02] Success  Main PID: 9005 (mongod)
[2023-07-04 19:45:01] Success  Main PID: 9005 (mongod)
[2023-07-04 19:50:01] Success  Main PID: 9005 (mongod)
[2023-07-04 19:55:02] Success  Main PID: 9005 (mongod)
[2023-07-04 20:00:01] Success  Main PID: 9005 (mongod)
[2023-07-04 20:05:01] Success  Main PID: 9005 (mongod)
[2023-07-04 20:10:01] Success  Main PID: 9005 (mongod)
[2023-07-04 20:15:01] Success  Main PID: 9005 (mongod)
[2023-07-04 20:20:01] Success  Main PID: 9005 (mongod)
[2023-07-04 20:25:01] Success  Main PID: 9005 (mongod)
[2023-07-04 20:30:01] Success  Main PID: 9005 (mongod)
[2023-07-04 20:35:01] Success  Main PID: 9005 (mongod)
[2023-07-04 20:40:01] Success  Main PID: 9005 (mongod)
[2023-07-04 20:45:02] Success  Main PID: 9005 (mongod)
[2023-07-04 20:50:01] Success  Main PID: 9005 (mongod)
[2023-07-04 20:55:01] Success  Main PID: 9005 (mongod)
[2023-07-04 21:00:01] Success  Main PID: 9005 (mongod)
[2023-07-04 21:05:01] Success  Main PID: 9005 (mongod)
[2023-07-04 21:10:01] Success  Main PID: 9005 (mongod)
[2023-07-04 21:15:02] Success  Main PID: 9005 (mongod)
[2023-07-04 21:20:01] Success  Main PID: 9005 (mongod)
[2023-07-04 21:25:01] Success  Main PID: 9005 (mongod)
[2023-07-04 21:30:01] Success  Main PID: 9005 (mongod)
[2023-07-04 21:35:01] Success  Main PID: 9005 (mongod)
[2023-07-04 21:40:01] Success  Main PID: 9005 (mongod)
[2023-07-04 21:45:01] Success  Main PID: 9005 (mongod)
[2023-07-04 21:50:02] Success  Main PID: 9005 (mongod)
[2023-07-04 21:55:01] Success  Main PID: 9005 (mongod)
[2023-07-04 22:00:01] Success  Main PID: 9005 (mongod)
[2023-07-04 22:05:01] Success  Main PID: 9005 (mongod)
[2023-07-04 22:10:01] Success  Main PID: 9005 (mongod)
[2023-07-04 22:15:02] Success  Main PID: 9005 (mongod)
[2023-07-04 22:20:01] Success  Main PID: 9005 (mongod)
[2023-07-04 22:25:01] Success  Main PID: 9005 (mongod)
[2023-07-04 22:30:02] Success  Main PID: 9005 (mongod)
[2023-07-04 22:35:01] Success  Main PID: 9005 (mongod)
[2023-07-04 22:40:01] Success  Main PID: 9005 (mongod)
[2023-07-04 22:45:01] Success  Main PID: 9005 (mongod)
[2023-07-04 22:50:01] Success  Main PID: 9005 (mongod)
[2023-07-04 22:55:02] Success  Main PID: 9005 (mongod)
[2023-07-04 23:00:02] Success  Main PID: 9005 (mongod)
[2023-07-04 23:05:01] Success  Main PID: 9005 (mongod)
[2023-07-04 23:10:01] Success  Main PID: 9005 (mongod)
[2023-07-04 23:15:01] Success  Main PID: 9005 (mongod)
[2023-07-04 23:20:01] Success  Main PID: 9005 (mongod)
[2023-07-04 23:25:02] Success  Main PID: 9005 (mongod)
[2023-07-04 23:30:01] Success  Main PID: 9005 (mongod)
[2023-07-04 23:35:01] Success  Main PID: 9005 (mongod)
[2023-07-04 23:40:02] Success  Main PID: 9005 (mongod)
[2023-07-04 23:45:01] Success  Main PID: 9005 (mongod)
[2023-07-04 23:50:01] Success  Main PID: 9005 (mongod)
[2023-07-04 23:55:01] Success  Main PID: 9005 (mongod)
[2023-07-05 00:00:02] Success  Main PID: 9005 (mongod)
[2023-07-05 00:05:02] Success  Main PID: 9005 (mongod)
[2023-07-05 00:10:01] Success  Main PID: 9005 (mongod)
[2023-07-05 00:15:01] Success  Main PID: 9005 (mongod)
[2023-07-05 00:20:01] Success  Main PID: 9005 (mongod)
[2023-07-05 00:25:01] Success  Main PID: 9005 (mongod)
[2023-07-05 00:30:01] Success  Main PID: 9005 (mongod)
[2023-07-05 00:35:01] Success  Main PID: 9005 (mongod)
[2023-07-05 00:40:01] Success  Main PID: 9005 (mongod)
[2023-07-05 00:45:01] Success  Main PID: 9005 (mongod)
[2023-07-05 00:50:01] Success  Main PID: 9005 (mongod)
[2023-07-05 00:55:01] Success  Main PID: 9005 (mongod)
[2023-07-05 01:00:01] Success  Main PID: 9005 (mongod)
[2023-07-05 01:05:02] Success  Main PID: 9005 (mongod)
[2023-07-05 01:10:02] Success  Main PID: 9005 (mongod)
[2023-07-05 01:15:01] Success  Main PID: 9005 (mongod)
[2023-07-05 01:20:01] Success  Main PID: 9005 (mongod)
[2023-07-05 01:25:01] Success  Main PID: 9005 (mongod)
[2023-07-05 01:30:01] Success  Main PID: 9005 (mongod)
[2023-07-05 01:35:02] Success  Main PID: 9005 (mongod)
[2023-07-05 01:40:01] Success  Main PID: 9005 (mongod)
[2023-07-05 01:45:01] Success  Main PID: 9005 (mongod)
[2023-07-05 01:50:01] Success  Main PID: 9005 (mongod)
[2023-07-05 01:55:01] Success  Main PID: 9005 (mongod)
[2023-07-05 02:00:01] Success  Main PID: 9005 (mongod)
[2023-07-05 02:05:01] Success  Main PID: 9005 (mongod)
[2023-07-05 02:10:01] Success  Main PID: 9005 (mongod)
[2023-07-05 02:15:01] Success  Main PID: 9005 (mongod)
[2023-07-05 02:20:01] Success  Main PID: 9005 (mongod)
[2023-07-05 02:25:01] Success  Main PID: 9005 (mongod)
[2023-07-05 02:30:01] Success  Main PID: 9005 (mongod)
[2023-07-05 02:35:01] Success  Main PID: 9005 (mongod)
[2023-07-05 02:40:01] Success  Main PID: 9005 (mongod)
[2023-07-05 02:45:01] Success  Main PID: 9005 (mongod)
[2023-07-05 02:50:01] Success  Main PID: 9005 (mongod)
[2023-07-05 02:55:01] Success  Main PID: 9005 (mongod)
[2023-07-05 03:00:02] Success  Main PID: 9005 (mongod)
[2023-07-05 03:05:01] Success  Main PID: 9005 (mongod)
[2023-07-05 03:10:01] Success  Main PID: 9005 (mongod)
[2023-07-05 03:15:01] Success  Main PID: 9005 (mongod)
[2023-07-05 03:20:02] Success  Main PID: 9005 (mongod)
[2023-07-05 03:25:01] Success  Main PID: 9005 (mongod)
[2023-07-05 03:30:01] Success  Main PID: 9005 (mongod)
[2023-07-05 03:35:01] Success  Main PID: 9005 (mongod)
[2023-07-05 03:40:01] Success  Main PID: 9005 (mongod)
[2023-07-05 03:45:01] Success  Main PID: 9005 (mongod)
[2023-07-05 03:50:01] Success  Main PID: 9005 (mongod)
[2023-07-05 03:55:01] Success  Main PID: 9005 (mongod)
[2023-07-05 04:00:02] Success  Main PID: 9005 (mongod)
[2023-07-05 04:05:01] Success  Main PID: 9005 (mongod)
[2023-07-05 04:10:01] Success  Main PID: 9005 (mongod)
[2023-07-05 04:15:02] Success  Main PID: 9005 (mongod)
[2023-07-05 04:20:01] Success  Main PID: 9005 (mongod)
[2023-07-05 04:25:01] Success  Main PID: 9005 (mongod)
[2023-07-05 04:30:01] Success  Main PID: 9005 (mongod)
[2023-07-05 04:35:01] Success  Main PID: 9005 (mongod)
[2023-07-05 04:40:01] Success  Main PID: 9005 (mongod)
[2023-07-05 04:45:01] Success  Main PID: 9005 (mongod)
[2023-07-05 04:50:01] Success  Main PID: 9005 (mongod)
[2023-07-05 04:55:01] Success  Main PID: 9005 (mongod)
[2023-07-05 05:00:01] Success  Main PID: 9005 (mongod)
[2023-07-05 05:05:01] Success  Main PID: 9005 (mongod)
[2023-07-05 05:10:01] Success  Main PID: 9005 (mongod)
[2023-07-05 05:15:01] Success  Main PID: 9005 (mongod)
[2023-07-05 05:20:01] Success  Main PID: 9005 (mongod)
[2023-07-05 05:25:01] Success  Main PID: 9005 (mongod)
[2023-07-05 05:30:01] Success  Main PID: 9005 (mongod)
[2023-07-05 05:35:01] Success  Main PID: 9005 (mongod)
[2023-07-05 05:40:01] Success  Main PID: 9005 (mongod)
[2023-07-05 05:45:01] Success  Main PID: 9005 (mongod)
[2023-07-05 05:50:02] Success  Main PID: 9005 (mongod)
[2023-07-05 05:55:01] Success  Main PID: 9005 (mongod)
[2023-07-05 06:00:01] Success  Main PID: 9005 (mongod)
[2023-07-05 06:05:01] Success  Main PID: 9005 (mongod)
[2023-07-05 06:10:01] Success  Main PID: 9005 (mongod)
[2023-07-05 06:15:02] Success  Main PID: 9005 (mongod)
[2023-07-05 06:20:02] Success  Main PID: 9005 (mongod)
[2023-07-05 06:25:01] Success  Main PID: 9005 (mongod)
[2023-07-05 06:30:01] Success  Main PID: 9005 (mongod)
[2023-07-05 06:35:01] Success  Main PID: 9005 (mongod)
[2023-07-05 06:40:01] Success  Main PID: 9005 (mongod)
[2023-07-05 06:45:01] Success  Main PID: 9005 (mongod)
[2023-07-05 06:50:01] Success  Main PID: 9005 (mongod)
[2023-07-05 06:55:02] Success  Main PID: 9005 (mongod)
[2023-07-05 07:00:01] Success  Main PID: 9005 (mongod)
[2023-07-05 07:05:01] Success  Main PID: 9005 (mongod)
[2023-07-05 07:10:01] Success  Main PID: 9005 (mongod)
[2023-07-05 07:15:01] Success  Main PID: 9005 (mongod)
[2023-07-05 07:20:02] Success  Main PID: 9005 (mongod)
[2023-07-05 07:25:01] Success  Main PID: 9005 (mongod)
[2023-07-05 07:30:01] Success  Main PID: 9005 (mongod)
[2023-07-05 07:35:01] Success  Main PID: 9005 (mongod)
[2023-07-05 07:40:01] Success  Main PID: 9005 (mongod)
[2023-07-05 07:45:01] Success  Main PID: 9005 (mongod)
[2023-07-05 07:50:01] Success  Main PID: 9005 (mongod)
[2023-07-05 07:55:01] Success  Main PID: 9005 (mongod)
[2023-07-05 08:00:02] Success  Main PID: 9005 (mongod)
[2023-07-05 08:05:01] Success  Main PID: 9005 (mongod)
[2023-07-05 08:10:01] Success  Main PID: 9005 (mongod)
[2023-07-05 08:15:02] Success  Main PID: 9005 (mongod)
[2023-07-05 08:20:01] Success  Main PID: 9005 (mongod)
[2023-07-05 08:25:01] Success  Main PID: 9005 (mongod)
[2023-07-05 08:30:01] Success  Main PID: 9005 (mongod)
[2023-07-05 08:35:01] Success  Main PID: 9005 (mongod)
[2023-07-05 08:40:01] Success  Main PID: 9005 (mongod)
[2023-07-05 08:45:01] Success  Main PID: 9005 (mongod)
[2023-07-05 08:50:01] Success  Main PID: 9005 (mongod)
[2023-07-05 08:55:02] Success  Main PID: 9005 (mongod)
[2023-07-05 09:00:01] Success  Main PID: 9005 (mongod)
[2023-07-05 09:05:01] Success  Main PID: 9005 (mongod)
[2023-07-05 09:10:01] Success  Main PID: 9005 (mongod)
[2023-07-05 09:15:01] Success  Main PID: 9005 (mongod)
[2023-07-05 09:20:01] Success  Main PID: 9005 (mongod)
[2023-07-05 09:25:01] Success  Main PID: 9005 (mongod)
[2023-07-05 09:30:01] Success  Main PID: 9005 (mongod)
[2023-07-05 09:35:01] Success  Main PID: 9005 (mongod)
[2023-07-05 09:40:01] Success  Main PID: 9005 (mongod)
[2023-07-05 09:45:01] Success  Main PID: 9005 (mongod)
[2023-07-05 09:50:02] Success  Main PID: 9005 (mongod)
[2023-07-05 09:55:01] Success  Main PID: 9005 (mongod)
[2023-07-05 10:00:02] Success  Main PID: 9005 (mongod)
[2023-07-05 10:05:01] Success  Main PID: 9005 (mongod)
[2023-07-05 10:10:02] Success  Main PID: 9005 (mongod)
[2023-07-05 10:15:01] Success  Main PID: 9005 (mongod)
[2023-07-05 10:20:01] Success  Main PID: 9005 (mongod)
[2023-07-05 10:25:02] Success  Main PID: 9005 (mongod)
[2023-07-05 10:30:01] Success  Main PID: 9005 (mongod)
[2023-07-05 10:35:02] Success  Main PID: 9005 (mongod)
[2023-07-05 10:40:01] Success  Main PID: 9005 (mongod)
[2023-07-05 10:45:02] Success  Main PID: 9005 (mongod)
[2023-07-05 10:50:01] Success  Main PID: 9005 (mongod)
[2023-07-05 10:55:01] Success  Main PID: 9005 (mongod)
[2023-07-05 11:00:01] Success  Main PID: 9005 (mongod)
[2023-07-05 11:05:01] Success  Main PID: 9005 (mongod)
[2023-07-05 11:10:01] Success  Main PID: 9005 (mongod)
[2023-07-05 11:15:02] Success  Main PID: 9005 (mongod)
[2023-07-05 11:20:01] Success  Main PID: 9005 (mongod)
[2023-07-05 11:25:01] Success  Main PID: 9005 (mongod)
[2023-07-05 11:30:01] Success  Main PID: 9005 (mongod)
[2023-07-05 11:35:01] Success  Main PID: 9005 (mongod)
[2023-07-05 11:40:01] Success  Main PID: 9005 (mongod)
[2023-07-05 11:45:01] Success  Main PID: 9005 (mongod)
[2023-07-05 11:50:01] Success  Main PID: 9005 (mongod)
[2023-07-05 11:55:01] Success  Main PID: 9005 (mongod)
[2023-07-05 12:00:01] Success  Main PID: 9005 (mongod)
[2023-07-05 12:05:01] Success  Main PID: 9005 (mongod)
[2023-07-05 12:10:01] Success  Main PID: 9005 (mongod)
[2023-07-05 12:15:01] Success  Main PID: 9005 (mongod)
[2023-07-05 12:20:02] Success  Main PID: 9005 (mongod)
[2023-07-05 12:25:01] Success  Main PID: 9005 (mongod)
[2023-07-05 12:30:01] Success  Main PID: 9005 (mongod)
[2023-07-05 12:35:01] Success  Main PID: 9005 (mongod)
[2023-07-05 12:40:01] Success  Main PID: 9005 (mongod)
[2023-07-05 12:45:01] Success  Main PID: 9005 (mongod)
[2023-07-05 12:50:01] Success  Main PID: 9005 (mongod)
[2023-07-05 12:55:01] Success  Main PID: 9005 (mongod)
[2023-07-05 13:00:01] Success  Main PID: 9005 (mongod)
[2023-07-05 13:05:01] Success  Main PID: 9005 (mongod)
[2023-07-05 13:10:02] Success  Main PID: 9005 (mongod)
[2023-07-05 13:15:01] Success  Main PID: 9005 (mongod)
[2023-07-05 13:20:01] Success  Main PID: 9005 (mongod)
[2023-07-05 13:25:01] Success  Main PID: 9005 (mongod)
[2023-07-05 13:30:01] Success  Main PID: 9005 (mongod)
[2023-07-05 13:35:02] Success  Main PID: 9005 (mongod)
[2023-07-05 13:40:02] Success  Main PID: 9005 (mongod)
[2023-07-05 13:45:01] Success  Main PID: 9005 (mongod)
[2023-07-05 13:50:01] Success  Main PID: 9005 (mongod)
[2023-07-05 13:55:01] Success  Main PID: 9005 (mongod)
[2023-07-05 14:00:01] Success  Main PID: 9005 (mongod)
[2023-07-05 14:05:01] Success  Main PID: 9005 (mongod)
[2023-07-05 14:10:01] Success  Main PID: 9005 (mongod)
[2023-07-05 14:15:01] Success  Main PID: 9005 (mongod)
[2023-07-05 14:20:02] Success  Main PID: 9005 (mongod)
[2023-07-05 14:25:02] Success  Main PID: 9005 (mongod)
[2023-07-05 14:30:01] Success  Main PID: 9005 (mongod)
[2023-07-05 14:35:01] Success  Main PID: 9005 (mongod)
[2023-07-05 14:40:02] Success  Main PID: 9005 (mongod)
[2023-07-05 14:45:01] Success  Main PID: 9005 (mongod)
[2023-07-05 14:50:01] Success  Main PID: 9005 (mongod)
[2023-07-05 14:55:01] Success  Main PID: 9005 (mongod)
[2023-07-05 15:00:02] Success  Main PID: 9005 (mongod)
[2023-07-05 15:05:01] Success  Main PID: 9005 (mongod)
[2023-07-05 15:10:01] Success  Main PID: 9005 (mongod)
[2023-07-05 15:15:01] Success  Main PID: 9005 (mongod)
[2023-07-05 15:20:01] Success  Main PID: 9005 (mongod)
[2023-07-05 15:25:01] Success  Main PID: 9005 (mongod)
[2023-07-05 15:30:01] Success  Main PID: 9005 (mongod)
[2023-07-05 15:35:01] Success  Main PID: 9005 (mongod)
[2023-07-05 15:40:02] Success  Main PID: 9005 (mongod)
[2023-07-05 15:45:02] Success  Main PID: 9005 (mongod)
[2023-07-05 15:50:02] Success  Main PID: 9005 (mongod)
[2023-07-05 15:55:01] Success  Main PID: 9005 (mongod)
[2023-07-05 16:00:01] Success  Main PID: 9005 (mongod)
[2023-07-05 16:05:02] Success  Main PID: 9005 (mongod)
[2023-07-05 16:10:01] Success  Main PID: 9005 (mongod)
[2023-07-05 16:15:01] Success  Main PID: 9005 (mongod)
[2023-07-05 16:20:01] Success  Main PID: 9005 (mongod)
[2023-07-05 16:25:01] Success  Main PID: 9005 (mongod)
[2023-07-05 16:30:01] Success  Main PID: 9005 (mongod)
[2023-07-05 16:35:02] Success  Main PID: 9005 (mongod)
[2023-07-05 16:40:01] Success  Main PID: 9005 (mongod)
[2023-07-05 16:45:02] Success  Main PID: 9005 (mongod)
[2023-07-05 16:50:01] Success  Main PID: 9005 (mongod)
[2023-07-05 16:55:01] Success  Main PID: 9005 (mongod)
[2023-07-05 17:00:01] Success  Main PID: 9005 (mongod)
[2023-07-05 17:05:02] Success  Main PID: 9005 (mongod)
[2023-07-05 17:10:01] Success  Main PID: 9005 (mongod)
[2023-07-05 17:15:01] Success  Main PID: 9005 (mongod)
[2023-07-05 17:20:01] Success  Main PID: 9005 (mongod)
[2023-07-05 17:25:01] Success  Main PID: 9005 (mongod)
[2023-07-05 17:30:01] Success  Main PID: 9005 (mongod)
[2023-07-05 17:35:01] Success  Main PID: 9005 (mongod)
[2023-07-05 17:40:01] Success  Main PID: 9005 (mongod)
[2023-07-05 17:45:01] Success  Main PID: 9005 (mongod)
[2023-07-05 17:50:01] Success  Main PID: 9005 (mongod)
[2023-07-05 17:55:01] Success  Main PID: 9005 (mongod)
[2023-07-05 18:00:01] Success  Main PID: 9005 (mongod)
[2023-07-05 18:05:01] Success  Main PID: 9005 (mongod)
[2023-07-05 18:10:01] Success  Main PID: 9005 (mongod)
[2023-07-05 18:15:02] Success  Main PID: 9005 (mongod)
[2023-07-05 18:20:01] Success  Main PID: 9005 (mongod)
[2023-07-05 18:25:02] Success  Main PID: 9005 (mongod)
[2023-07-05 18:30:01] Success  Main PID: 9005 (mongod)
[2023-07-05 18:35:01] Success  Main PID: 9005 (mongod)
[2023-07-05 18:40:01] Success  Main PID: 9005 (mongod)
[2023-07-05 18:45:01] Success  Main PID: 9005 (mongod)
[2023-07-05 18:50:01] Success  Main PID: 9005 (mongod)
[2023-07-05 18:55:01] Success  Main PID: 9005 (mongod)
[2023-07-05 19:00:01] Success  Main PID: 9005 (mongod)
[2023-07-05 19:05:01] Success  Main PID: 9005 (mongod)
[2023-07-05 19:10:01] Success  Main PID: 9005 (mongod)
[2023-07-05 19:15:02] Success  Main PID: 9005 (mongod)
[2023-07-05 19:20:01] Success  Main PID: 9005 (mongod)
[2023-07-05 19:25:02] Success  Main PID: 9005 (mongod)
[2023-07-05 19:30:01] Success  Main PID: 9005 (mongod)
[2023-07-05 19:35:01] Success  Main PID: 9005 (mongod)
[2023-07-05 19:40:01] Success  Main PID: 9005 (mongod)
[2023-07-05 19:45:02] Success  Main PID: 9005 (mongod)
[2023-07-05 19:50:01] Success  Main PID: 9005 (mongod)
[2023-07-05 19:55:01] Success  Main PID: 9005 (mongod)
[2023-07-05 20:00:01] Success  Main PID: 9005 (mongod)
[2023-07-05 20:05:01] Success  Main PID: 9005 (mongod)
[2023-07-05 20:10:01] Success  Main PID: 9005 (mongod)
[2023-07-05 20:15:01] Success  Main PID: 9005 (mongod)
[2023-07-05 20:20:02] Success  Main PID: 9005 (mongod)
[2023-07-05 20:25:01] Success  Main PID: 9005 (mongod)
[2023-07-05 20:30:02] Success  Main PID: 9005 (mongod)
[2023-07-05 20:35:01] Success  Main PID: 9005 (mongod)
[2023-07-05 20:40:01] Success  Main PID: 9005 (mongod)
[2023-07-05 20:45:01] Success  Main PID: 9005 (mongod)
[2023-07-05 20:50:01] Success  Main PID: 9005 (mongod)
[2023-07-05 20:55:01] Success  Main PID: 9005 (mongod)
[2023-07-05 21:00:01] Success  Main PID: 9005 (mongod)
[2023-07-05 21:05:01] Success  Main PID: 9005 (mongod)
[2023-07-05 21:10:01] Success  Main PID: 9005 (mongod)
[2023-07-05 21:15:01] Success  Main PID: 9005 (mongod)
[2023-07-05 21:20:01] Success  Main PID: 9005 (mongod)
[2023-07-05 21:25:01] Success  Main PID: 9005 (mongod)
[2023-07-05 21:30:01] Success  Main PID: 9005 (mongod)
[2023-07-05 21:35:01] Success  Main PID: 9005 (mongod)
[2023-07-05 21:40:01] Success  Main PID: 9005 (mongod)
[2023-07-05 21:45:02] Success  Main PID: 9005 (mongod)
[2023-07-05 21:50:01] Success  Main PID: 9005 (mongod)
[2023-07-05 21:55:01] Success  Main PID: 9005 (mongod)
[2023-07-05 22:00:01] Success  Main PID: 9005 (mongod)
[2023-07-05 22:05:01] Success  Main PID: 9005 (mongod)
[2023-07-05 22:10:01] Success  Main PID: 9005 (mongod)
[2023-07-05 22:15:02] Success  Main PID: 9005 (mongod)
[2023-07-05 22:20:01] Success  Main PID: 9005 (mongod)
[2023-07-05 22:25:02] Success  Main PID: 9005 (mongod)
[2023-07-05 22:30:02] Success  Main PID: 9005 (mongod)
[2023-07-05 22:35:01] Success  Main PID: 9005 (mongod)
[2023-07-05 22:40:01] Success  Main PID: 9005 (mongod)
[2023-07-05 22:45:01] Success  Main PID: 9005 (mongod)
[2023-07-05 22:50:01] Success  Main PID: 9005 (mongod)
[2023-07-05 22:55:02] Success  Main PID: 9005 (mongod)
[2023-07-05 23:00:01] Success  Main PID: 9005 (mongod)
[2023-07-05 23:05:02] Success  Main PID: 9005 (mongod)
[2023-07-05 23:10:01] Success  Main PID: 9005 (mongod)
[2023-07-05 23:15:01] Success  Main PID: 9005 (mongod)
[2023-07-05 23:20:01] Success  Main PID: 9005 (mongod)
[2023-07-05 23:25:01] Success  Main PID: 9005 (mongod)
[2023-07-05 23:30:02] Success  Main PID: 9005 (mongod)
[2023-07-05 23:35:01] Success  Main PID: 9005 (mongod)
[2023-07-05 23:40:01] Success  Main PID: 9005 (mongod)
[2023-07-05 23:45:01] Success  Main PID: 9005 (mongod)
[2023-07-05 23:50:01] Success  Main PID: 9005 (mongod)
[2023-07-05 23:55:01] Success  Main PID: 9005 (mongod)
[2023-07-06 00:00:01] Success  Main PID: 9005 (mongod)
[2023-07-06 00:05:01] Success  Main PID: 9005 (mongod)
[2023-07-06 00:10:01] Success  Main PID: 9005 (mongod)
[2023-07-06 00:15:01] Success  Main PID: 9005 (mongod)
[2023-07-06 00:20:01] Success  Main PID: 9005 (mongod)
[2023-07-06 00:25:01] Success  Main PID: 9005 (mongod)
[2023-07-06 00:30:02] Success  Main PID: 9005 (mongod)
[2023-07-06 00:35:01] Success  Main PID: 9005 (mongod)
[2023-07-06 00:40:01] Success  Main PID: 9005 (mongod)
[2023-07-06 00:45:01] Success  Main PID: 9005 (mongod)
[2023-07-06 00:50:02] Success  Main PID: 9005 (mongod)
[2023-07-06 00:55:01] Success  Main PID: 9005 (mongod)
[2023-07-06 01:00:01] Success  Main PID: 9005 (mongod)
[2023-07-06 01:05:02] Success  Main PID: 9005 (mongod)
[2023-07-06 01:10:01] Success  Main PID: 9005 (mongod)
[2023-07-06 01:15:01] Success  Main PID: 9005 (mongod)
[2023-07-06 01:20:01] Success  Main PID: 9005 (mongod)
[2023-07-06 01:25:02] Success  Main PID: 9005 (mongod)
[2023-07-06 01:30:01] Success  Main PID: 9005 (mongod)
[2023-07-06 01:35:01] Success  Main PID: 9005 (mongod)
[2023-07-06 01:40:01] Success  Main PID: 9005 (mongod)
[2023-07-06 01:45:01] Success  Main PID: 9005 (mongod)
[2023-07-06 01:50:01] Success  Main PID: 9005 (mongod)
[2023-07-06 01:55:01] Success  Main PID: 9005 (mongod)
[2023-07-06 02:00:01] Success  Main PID: 9005 (mongod)
[2023-07-06 02:05:01] Failed
[2023-07-06 02:05:01] Failed to restart
Created file: /var/run/mongodb/mongod.pid
Changed ownership of /var/run/mongodb/mongod.pid to mongod:mongod
[2023-07-06 02:05:01] Failed to restart
[2023-07-06 02:10:01] Failed
[2023-07-06 02:10:01] Failed to restart
Created file: /var/run/mongodb/mongod.pid
Changed ownership of /var/run/mongodb/mongod.pid to mongod:mongod
[2023-07-06 02:10:01] Failed to restart
[2023-07-06 02:15:01] Failed
[2023-07-06 02:15:01] Failed to restart
Created file: /var/run/mongodb/mongod.pid
Changed ownership of /var/run/mongodb/mongod.pid to mongod:mongod
[2023-07-06 02:15:01] Failed to restart
[2023-07-06 02:20:01] Failed
[2023-07-06 02:20:01] Failed to restart
Created file: /var/run/mongodb/mongod.pid
Changed ownership of /var/run/mongodb/mongod.pid to mongod:mongod
[2023-07-06 02:20:01] Failed to restart
[2023-07-06 02:25:01] Failed
[2023-07-06 02:25:01] Failed to restart
Created file: /var/run/mongodb/mongod.pid
Failed to change ownership of /var/run/mongodb/mongod.pid to mongod:mongod
[2023-07-06 02:25:01] Failed to restart
[2023-07-06 02:30:01] Failed
[2023-07-06 02:30:01] Failed to restart
Created file: /var/run/mongodb/mongod.pid
Changed ownership of /var/run/mongodb/mongod.pid to mongod:mongod
[2023-07-06 02:30:01] Failed to restart
[2023-07-06 02:35:01] Failed
[2023-07-06 02:35:01] Failed to restart
Created file: /var/run/mongodb/mongod.pid
Changed ownership of /var/run/mongodb/mongod.pid to mongod:mongod
[2023-07-06 02:35:01] Failed to restart
[2023-07-06 02:40:01] Failed
[2023-07-06 02:40:01] Failed to restart
Created file: /var/run/mongodb/mongod.pid
Changed ownership of /var/run/mongodb/mongod.pid to mongod:mongod
[2023-07-06 02:40:01] Failed to restart
[2023-07-06 02:45:01] Failed
[2023-07-06 02:45:01] Failed to restart
Created file: /var/run/mongodb/mongod.pid
Changed ownership of /var/run/mongodb/mongod.pid to mongod:mongod
[2023-07-06 02:45:01] Failed to restart
[2023-07-06 02:50:01] Failed
[2023-07-06 02:50:01] Failed to restart
Created file: /var/run/mongodb/mongod.pid
Changed ownership of /var/run/mongodb/mongod.pid to mongod:mongod
[2023-07-06 02:50:01] Failed to restart
[2023-07-06 02:55:02] Failed
[2023-07-06 02:55:02] Failed to restart
Created file: /var/run/mongodb/mongod.pid
Changed ownership of /var/run/mongodb/mongod.pid to mongod:mongod
[2023-07-06 02:55:02] Failed to restart
[2023-07-06 03:00:01] Failed
[2023-07-06 03:00:01] Failed to restart
Created file: /var/run/mongodb/mongod.pid
Changed ownership of /var/run/mongodb/mongod.pid to mongod:mongod
[2023-07-06 03:00:01] Failed to restart
[2023-07-06 03:05:01] Failed
[2023-07-06 03:05:01] Failed to restart
Created file: /var/run/mongodb/mongod.pid
Changed ownership of /var/run/mongodb/mongod.pid to mongod:mongod
[2023-07-06 03:05:01] Failed to restart
[2023-07-06 03:10:01] Failed
[2023-07-06 03:10:01] Failed to restart
Created file: /var/run/mongodb/mongod.pid
Changed ownership of /var/run/mongodb/mongod.pid to mongod:mongod
[2023-07-06 03:10:01] Failed to restart
[2023-07-06 03:15:01] Failed
[2023-07-06 03:15:01] Failed to restart
Created file: /var/run/mongodb/mongod.pid
Changed ownership of /var/run/mongodb/mongod.pid to mongod:mongod
[2023-07-06 03:15:01] Failed to restart
[2023-07-06 03:20:01] Failed
[2023-07-06 03:20:01] Failed to restart
Created file: /var/run/mongodb/mongod.pid
Changed ownership of /var/run/mongodb/mongod.pid to mongod:mongod
[2023-07-06 03:20:01] Failed to restart
[2023-07-06 03:25:01] Failed
[2023-07-06 03:25:01] Failed to restart
Created file: /var/run/mongodb/mongod.pid
Changed ownership of /var/run/mongodb/mongod.pid to mongod:mongod
[2023-07-06 03:25:01] Failed to restart
[2023-07-06 03:30:01] Failed
[2023-07-06 03:30:01] Failed to restart
Created file: /var/run/mongodb/mongod.pid
Changed ownership of /var/run/mongodb/mongod.pid to mongod:mongod
[2023-07-06 03:30:01] Failed to restart
[2023-07-06 03:35:01] Failed
[2023-07-06 03:35:01] Failed to restart
Created file: /var/run/mongodb/mongod.pid
Changed ownership of /var/run/mongodb/mongod.pid to mongod:mongod
[2023-07-06 03:35:01] Failed to restart
[2023-07-06 03:40:01] Failed
[2023-07-06 03:40:01] Failed to restart
Created file: /var/run/mongodb/mongod.pid
Changed ownership of /var/run/mongodb/mongod.pid to mongod:mongod
[2023-07-06 03:40:01] Failed to restart
[2023-07-06 03:45:01] Failed
[2023-07-06 03:45:01] Failed to restart
Created file: /var/run/mongodb/mongod.pid
Changed ownership of /var/run/mongodb/mongod.pid to mongod:mongod
[2023-07-06 03:45:01] Failed to restart
[2023-07-06 03:50:01] Failed
[2023-07-06 03:50:01] Failed to restart
Created file: /var/run/mongodb/mongod.pid
Changed ownership of /var/run/mongodb/mongod.pid to mongod:mongod
[2023-07-06 03:50:01] Failed to restart
[2023-07-06 03:55:01] Failed
[2023-07-06 03:55:01] Failed to restart
Created file: /var/run/mongodb/mongod.pid
Changed ownership of /var/run/mongodb/mongod.pid to mongod:mongod
[2023-07-06 03:55:01] Failed to restart
[2023-07-06 04:00:01] Failed
[2023-07-06 04:00:01] Failed to restart
Created file: /var/run/mongodb/mongod.pid
Changed ownership of /var/run/mongodb/mongod.pid to mongod:mongod
[2023-07-06 04:00:01] Failed to restart
[2023-07-06 04:05:01] Failed
[2023-07-06 04:05:01] Failed to restart
Created file: /var/run/mongodb/mongod.pid
Changed ownership of /var/run/mongodb/mongod.pid to mongod:mongod
[2023-07-06 04:05:01] Failed to restart
[2023-07-06 04:10:01] Failed
[2023-07-06 04:10:01] Failed to restart
Created file: /var/run/mongodb/mongod.pid
Changed ownership of /var/run/mongodb/mongod.pid to mongod:mongod
[2023-07-06 04:10:01] Failed to restart
[2023-07-06 04:15:01] Failed
[2023-07-06 04:15:01] Failed to restart
Created file: /var/run/mongodb/mongod.pid
Changed ownership of /var/run/mongodb/mongod.pid to mongod:mongod
[2023-07-06 04:15:01] Failed to restart
[2023-07-06 04:20:01] Failed
[2023-07-06 04:20:01] Failed to restart
Created file: /var/run/mongodb/mongod.pid
Changed ownership of /var/run/mongodb/mongod.pid to mongod:mongod
[2023-07-06 04:20:01] Failed to restart
[2023-07-06 04:25:01] Failed
[2023-07-06 04:25:01] Failed to restart
Created file: /var/run/mongodb/mongod.pid
Changed ownership of /var/run/mongodb/mongod.pid to mongod:mongod
[2023-07-06 04:25:01] Failed to restart
[2023-07-06 04:30:02] Failed
[2023-07-06 04:30:02] Failed to restart
Created file: /var/run/mongodb/mongod.pid
Changed ownership of /var/run/mongodb/mongod.pid to mongod:mongod
[2023-07-06 04:30:02] Failed to restart
[2023-07-06 04:35:01] Failed
[2023-07-06 04:35:01] Failed to restart
Created file: /var/run/mongodb/mongod.pid
Changed ownership of /var/run/mongodb/mongod.pid to mongod:mongod
[2023-07-06 04:35:01] Failed to restart
[2023-07-06 04:40:01] Failed
[2023-07-06 04:40:01] Failed to restart
Created file: /var/run/mongodb/mongod.pid
Changed ownership of /var/run/mongodb/mongod.pid to mongod:mongod
[2023-07-06 04:40:01] Failed to restart
[2023-07-06 04:45:02] Failed
[2023-07-06 04:45:02] Failed to restart
Created file: /var/run/mongodb/mongod.pid
Changed ownership of /var/run/mongodb/mongod.pid to mongod:mongod
[2023-07-06 04:45:02] Failed to restart
[2023-07-06 04:50:01] Failed
[2023-07-06 04:50:01] Failed to restart
Created file: /var/run/mongodb/mongod.pid
Changed ownership of /var/run/mongodb/mongod.pid to mongod:mongod
[2023-07-06 04:50:01] Failed to restart
[2023-07-06 04:55:01] Failed
[2023-07-06 04:55:01] Failed to restart
Created file: /var/run/mongodb/mongod.pid
Changed ownership of /var/run/mongodb/mongod.pid to mongod:mongod
[2023-07-06 04:55:01] Failed to restart
[2023-07-06 05:00:01] Failed
[2023-07-06 05:00:01] Failed to restart
Created file: /var/run/mongodb/mongod.pid
Changed ownership of /var/run/mongodb/mongod.pid to mongod:mongod
[2023-07-06 05:00:01] Failed to restart
[2023-07-06 05:05:02] Failed
[2023-07-06 05:05:02] Failed to restart
Created file: /var/run/mongodb/mongod.pid
Changed ownership of /var/run/mongodb/mongod.pid to mongod:mongod
[2023-07-06 05:05:02] Failed to restart
[2023-07-06 05:10:01] Failed
[2023-07-06 05:10:01] Failed to restart
Created file: /var/run/mongodb/mongod.pid
Changed ownership of /var/run/mongodb/mongod.pid to mongod:mongod
[2023-07-06 05:10:01] Failed to restart
[2023-07-06 05:15:01] Failed
[2023-07-06 05:15:01] Failed to restart
Created file: /var/run/mongodb/mongod.pid
Changed ownership of /var/run/mongodb/mongod.pid to mongod:mongod
[2023-07-06 05:15:01] Failed to restart
[2023-07-06 05:20:01] Failed
[2023-07-06 05:20:01] Failed to restart
Created file: /var/run/mongodb/mongod.pid
Changed ownership of /var/run/mongodb/mongod.pid to mongod:mongod
[2023-07-06 05:20:01] Failed to restart
[2023-07-06 05:25:01] Failed
[2023-07-06 05:25:01] Failed to restart
Created file: /var/run/mongodb/mongod.pid
Changed ownership of /var/run/mongodb/mongod.pid to mongod:mongod
[2023-07-06 05:25:01] Failed to restart
[2023-07-06 05:30:01] Failed
[2023-07-06 05:30:01] Failed to restart
Created file: /var/run/mongodb/mongod.pid
Changed ownership of /var/run/mongodb/mongod.pid to mongod:mongod
[2023-07-06 05:30:01] Failed to restart
[2023-07-06 05:35:01] Failed
[2023-07-06 05:35:01] Failed to restart
Created file: /var/run/mongodb/mongod.pid
Changed ownership of /var/run/mongodb/mongod.pid to mongod:mongod
[2023-07-06 05:35:01] Failed to restart
[2023-07-06 05:40:01] Failed
[2023-07-06 05:40:01] Failed to restart
Created file: /var/run/mongodb/mongod.pid
Changed ownership of /var/run/mongodb/mongod.pid to mongod:mongod
[2023-07-06 05:40:01] Failed to restart
[2023-07-06 05:45:01] Failed
[2023-07-06 05:45:01] Failed to restart
Created file: /var/run/mongodb/mongod.pid
Changed ownership of /var/run/mongodb/mongod.pid to mongod:mongod
[2023-07-06 05:45:01] Successfully restarted
[2023-07-06 05:50:02] Success  Main PID: 19449 (mongod)
[2023-07-06 05:55:01] Success  Main PID: 19449 (mongod)
[2023-07-06 06:00:01] Success  Main PID: 19449 (mongod)
[2023-07-06 06:05:01] Success  Main PID: 19449 (mongod)
[2023-07-06 06:10:01] Success  Main PID: 19449 (mongod)
[2023-07-06 06:15:01] Success  Main PID: 19449 (mongod)
[2023-07-06 06:20:01] Success  Main PID: 19449 (mongod)
[2023-07-06 06:25:02] Success  Main PID: 19449 (mongod)
[2023-07-06 06:30:01] Failed
[2023-07-06 06:30:01] Failed to restart
Created file: /var/run/mongodb/mongod.pid
Changed ownership of /var/run/mongodb/mongod.pid to mongod:mongod
[2023-07-06 06:30:01] Failed to restart
[2023-07-06 06:35:01] Failed
[2023-07-06 06:35:01] Failed to restart
Created file: /var/run/mongodb/mongod.pid
Changed ownership of /var/run/mongodb/mongod.pid to mongod:mongod
[2023-07-06 06:35:01] Failed to restart
[2023-07-06 06:40:01] Failed
[2023-07-06 06:40:01] Failed to restart
Created file: /var/run/mongodb/mongod.pid
Changed ownership of /var/run/mongodb/mongod.pid to mongod:mongod
[2023-07-06 06:40:01] Failed to restart
[2023-07-06 06:45:02] Failed
[2023-07-06 06:45:02] Failed to restart
Created file: /var/run/mongodb/mongod.pid
Changed ownership of /var/run/mongodb/mongod.pid to mongod:mongod
[2023-07-06 06:45:02] Failed to restart
[2023-07-06 06:50:01] Failed
[2023-07-06 06:50:01] Failed to restart
Created file: /var/run/mongodb/mongod.pid
Changed ownership of /var/run/mongodb/mongod.pid to mongod:mongod
[2023-07-06 06:50:01] Failed to restart
[2023-07-06 06:55:01] Failed
[2023-07-06 06:55:01] Failed to restart
Created file: /var/run/mongodb/mongod.pid
Changed ownership of /var/run/mongodb/mongod.pid to mongod:mongod
[2023-07-06 06:55:01] Failed to restart
[2023-07-06 07:00:01] Failed
[2023-07-06 07:00:01] Failed to restart
Created file: /var/run/mongodb/mongod.pid
Changed ownership of /var/run/mongodb/mongod.pid to mongod:mongod
[2023-07-06 07:00:01] Failed to restart
[2023-07-06 07:05:02] Failed
[2023-07-06 07:05:02] Failed to restart
Created file: /var/run/mongodb/mongod.pid
Changed ownership of /var/run/mongodb/mongod.pid to mongod:mongod
[2023-07-06 07:05:02] Failed to restart
[2023-07-06 07:10:01] Failed
[2023-07-06 07:10:01] Failed to restart
Created file: /var/run/mongodb/mongod.pid
Changed ownership of /var/run/mongodb/mongod.pid to mongod:mongod
[2023-07-06 07:10:01] Failed to restart
[2023-07-06 07:15:01] Failed
[2023-07-06 07:15:01] Failed to restart
Created file: /var/run/mongodb/mongod.pid
Changed ownership of /var/run/mongodb/mongod.pid to mongod:mongod
[2023-07-06 07:15:01] Failed to restart
[2023-07-06 07:20:01] Failed
[2023-07-06 07:20:01] Failed to restart
Created file: /var/run/mongodb/mongod.pid
Changed ownership of /var/run/mongodb/mongod.pid to mongod:mongod
[2023-07-06 07:20:01] Failed to restart
[2023-07-06 07:25:02] Failed
[2023-07-06 07:25:02] Failed to restart
Created file: /var/run/mongodb/mongod.pid
Changed ownership of /var/run/mongodb/mongod.pid to mongod:mongod
[2023-07-06 07:25:02] Failed to restart
[2023-07-06 07:29:46] Failed
[2023-07-06 07:29:46] Failed to restart
Created file: /var/run/mongodb/mongod.pid
Changed ownership of /var/run/mongodb/mongod.pid to mongod:mongod
[2023-07-06 07:29:46] Successfully restarted
[2023-07-06 07:30:01] Success  Main PID: 5645 (mongod)
[2023-07-06 07:35:01] Success  Main PID: 5645 (mongod)
[2023-07-06 07:40:02] Success  Main PID: 5645 (mongod)
[2023-07-06 07:45:02] Success  Main PID: 5645 (mongod)
[2023-07-06 07:50:01] Success  Main PID: 5645 (mongod)
[2023-07-06 07:55:01] Success  Main PID: 5645 (mongod)
[2023-07-06 08:00:02] Success  Main PID: 5645 (mongod)
[2023-07-06 08:05:02] Success  Main PID: 5645 (mongod)
[2023-07-06 08:10:02] Success  Main PID: 5645 (mongod)
[2023-07-06 08:15:01] Success  Main PID: 5645 (mongod)
[2023-07-06 08:20:02] Success  Main PID: 5645 (mongod)
[2023-07-06 08:25:01] Success  Main PID: 5645 (mongod)
[2023-07-06 08:30:01] Success  Main PID: 5645 (mongod)
[2023-07-06 08:35:01] Success  Main PID: 5645 (mongod)
[2023-07-06 08:40:02] Success  Main PID: 5645 (mongod)
[2023-07-06 08:45:01] Success  Main PID: 5645 (mongod)
[2023-07-06 08:50:02] Success  Main PID: 5645 (mongod)
[2023-07-06 08:55:01] Success  Main PID: 5645 (mongod)
[2023-07-06 09:00:01] Success  Main PID: 5645 (mongod)
[2023-07-06 09:05:01] Failed
[2023-07-06 09:05:01] Failed to restart
Created file: /var/run/mongodb/mongod.pid
Changed ownership of /var/run/mongodb/mongod.pid to mongod:mongod
[2023-07-06 09:05:01] Failed to restart
[2023-07-06 09:10:01] Failed
[2023-07-06 09:10:01] Failed to restart
Created file: /var/run/mongodb/mongod.pid
Changed ownership of /var/run/mongodb/mongod.pid to mongod:mongod
[2023-07-06 09:10:01] Failed to restart
[2023-07-06 09:15:01] Failed
[2023-07-06 09:15:01] Failed to restart
Created file: /var/run/mongodb/mongod.pid
Changed ownership of /var/run/mongodb/mongod.pid to mongod:mongod
[2023-07-06 09:15:01] Failed to restart
[2023-07-06 09:20:02] Failed
[2023-07-06 09:20:02] Failed to restart
Created file: /var/run/mongodb/mongod.pid
Changed ownership of /var/run/mongodb/mongod.pid to mongod:mongod
[2023-07-06 09:20:02] Failed to restart
[2023-07-06 09:25:01] Failed
[2023-07-06 09:25:01] Failed to restart
Created file: /var/run/mongodb/mongod.pid
Changed ownership of /var/run/mongodb/mongod.pid to mongod:mongod
[2023-07-06 09:25:01] Failed to restart
[2023-07-06 09:30:01] Failed
[2023-07-06 09:30:01] Failed to restart
Created file: /var/run/mongodb/mongod.pid
Changed ownership of /var/run/mongodb/mongod.pid to mongod:mongod
[2023-07-06 09:30:01] Failed to restart
[2023-07-06 09:35:01] Failed
[2023-07-06 09:35:01] Failed to restart
Created file: /var/run/mongodb/mongod.pid
Changed ownership of /var/run/mongodb/mongod.pid to mongod:mongod
[2023-07-06 09:35:01] Failed to restart
[2023-07-06 09:40:01] Failed
[2023-07-06 09:40:01] Failed to restart
Created file: /var/run/mongodb/mongod.pid
Changed ownership of /var/run/mongodb/mongod.pid to mongod:mongod
[2023-07-06 09:40:01] Failed to restart
[2023-07-06 09:45:01] Failed
[2023-07-06 09:45:01] Failed to restart
Created file: /var/run/mongodb/mongod.pid
Changed ownership of /var/run/mongodb/mongod.pid to mongod:mongod
[2023-07-06 09:45:01] Failed to restart
[2023-07-06 09:50:02] Failed
[2023-07-06 09:50:02] Failed to restart
Created file: /var/run/mongodb/mongod.pid
Failed to change ownership of /var/run/mongodb/mongod.pid to mongod:mongod
[2023-07-06 09:50:02] Failed to restart
[2023-07-06 09:55:01] Failed
[2023-07-06 09:55:01] Failed to restart
Created file: /var/run/mongodb/mongod.pid
Changed ownership of /var/run/mongodb/mongod.pid to mongod:mongod
[2023-07-06 09:55:01] Failed to restart
[2023-07-06 10:00:01] Failed
[2023-07-06 10:00:01] Failed to restart
Created file: /var/run/mongodb/mongod.pid
Changed ownership of /var/run/mongodb/mongod.pid to mongod:mongod
[2023-07-06 10:00:01] Failed to restart
[2023-07-06 10:03:17] Failed
[2023-07-06 10:03:17] Failed to restart
Created file: /var/run/mongodb/mongod.pid
Changed ownership of /var/run/mongodb/mongod.pid to mongod:mongod
[2023-07-06 10:03:17] Successfully restarted
[2023-07-06 10:05:02] Success  Main PID: 3209 (mongod)
[2023-07-06 10:06:12] Success  Main PID: 3209 (mongod)
[2023-07-06 10:06:26] Success  Main PID: 3209 (mongod)
[2023-07-06 10:10:01] Success  Main PID: 3209 (mongod)
[2023-07-06 10:15:01] Success  Main PID: 3209 (mongod)
[2023-07-06 10:20:02] Success  Main PID: 3209 (mongod)
[2023-07-06 10:25:01] Success  Main PID: 3209 (mongod)
[2023-07-06 10:30:01] Success  Main PID: 3209 (mongod)
[2023-07-06 10:35:01] Success  Main PID: 3209 (mongod)
[2023-07-06 10:40:01] Success  Main PID: 3209 (mongod)
[2023-07-06 10:45:01] Success  Main PID: 3209 (mongod)
[2023-07-06 10:50:01] Success  Main PID: 3209 (mongod)
[2023-07-06 10:55:01] Success  Main PID: 3209 (mongod)
[2023-07-06 11:00:01] Success  Main PID: 3209 (mongod)
[2023-07-06 11:05:01] Success  Main PID: 3209 (mongod)
[2023-07-06 11:10:01] Success  Main PID: 3209 (mongod)
[2023-07-06 11:15:01] Success  Main PID: 3209 (mongod)
[2023-07-06 11:20:02] Success  Main PID: 3209 (mongod)
[2023-07-06 11:25:01] Success  Main PID: 3209 (mongod)
[2023-07-06 11:26:18] Success  Main PID: 3209 (mongod)
[2023-07-06 11:27:44] Success  Main PID: 3209 (mongod)
[2023-07-06 11:30:01] Success  Main PID: 3209 (mongod)
[2023-07-06 11:31:17] Failed
[2023-07-06 11:31:17] Failed to restart
Created file: /var/run/mongodb/mongod.pid
Changed ownership of /var/run/mongodb/mongod.pid to mongod:mongod
[2023-07-06 11:31:17] Successfully restarted
[2023-07-06 11:31:31] Success  Main PID: 3419 (mongod)
[2023-07-06 11:35:01] Failed
[2023-07-06 11:35:01] Failed to restart
Created file: /var/run/mongodb/mongod.pid
Changed ownership of /var/run/mongodb/mongod.pid to mongod:mongod
[2023-07-06 11:35:01] Failed to restart
[2023-07-06 11:40:01] Failed
[2023-07-06 11:40:01] Failed to restart
Created file: /var/run/mongodb/mongod.pid
Changed ownership of /var/run/mongodb/mongod.pid to mongod:mongod
[2023-07-06 11:40:01] Failed to restart
[2023-07-06 11:45:01] Failed
[2023-07-06 11:45:01] Failed to restart
Created file: /var/run/mongodb/mongod.pid
Changed ownership of /var/run/mongodb/mongod.pid to mongod:mongod
[2023-07-06 11:45:01] Failed to restart
[2023-07-06 11:49:09] Failed
[2023-07-06 11:49:09] Failed to restart
Created file: /var/run/mongodb/mongod.pid
Changed ownership of /var/run/mongodb/mongod.pid to mongod:mongod
[2023-07-06 11:49:09] Failed to restart
[2023-07-06 11:50:01] Failed
[2023-07-06 11:50:01] Failed to restart
Created file: /var/run/mongodb/mongod.pid
Changed ownership of /var/run/mongodb/mongod.pid to mongod:mongod
[2023-07-06 11:50:01] Failed to restart
[2023-07-06 11:55:01] Failed
[2023-07-06 11:55:01] Failed to restart
Created file: /var/run/mongodb/mongod.pid
Changed ownership of /var/run/mongodb/mongod.pid to mongod:mongod
[2023-07-06 11:55:01] Failed to restart
[2023-07-06 12:00:01] Failed
[2023-07-06 12:00:01] Failed to restart
Created file: /var/run/mongodb/mongod.pid
Failed to change ownership of /var/run/mongodb/mongod.pid to mongod:mongod
[2023-07-06 12:00:01] Failed to restart
[2023-07-06 12:05:01] Failed
[2023-07-06 12:05:01] Failed to restart
Created file: /var/run/mongodb/mongod.pid
Changed ownership of /var/run/mongodb/mongod.pid to mongod:mongod
[2023-07-06 12:05:01] Failed to restart
[2023-07-06 12:07:48] Failed
[2023-07-06 12:07:48] Failed to restart
Created file: /var/run/mongodb/mongod.pid
Changed ownership of /var/run/mongodb/mongod.pid to mongod:mongod
[2023-07-06 12:07:48] Failed to restart
[2023-07-06 12:10:01] Success  Main PID: 9265 (mongod)
[2023-07-06 12:11:38] Failed
[2023-07-06 12:11:38] Failed to restart
Created file: /var/run/mongodb/mongod.pid
Changed ownership of /var/run/mongodb/mongod.pid to mongod:mongod
[2023-07-06 12:13:47] Success  Main PID: 9719 (mongod)
[2023-07-06 12:15:01] Failed
[2023-07-06 12:15:01] Failed to restart
Created file: /var/run/mongodb/mongod.pid
Changed ownership of /var/run/mongodb/mongod.pid to mongod:mongod
[2023-07-06 12:15:06] Failed
[2023-07-06 12:15:06] Failed to restart
Created file: /var/run/mongodb/mongod.pid
Changed ownership of /var/run/mongodb/mongod.pid to mongod:mongod
[2023-07-06 12:15:01] Successfully restarted
[2023-07-06 12:15:06] Failed to restart
[2023-07-06 12:16:40] Failed
[2023-07-06 12:16:40] Failed to restart
Created file: /var/run/mongodb/mongod.pid
Changed ownership of /var/run/mongodb/mongod.pid to mongod:mongod
[2023-07-06 12:16:40] Failed to restart
[2023-07-06 12:18:08] Failed
[2023-07-06 12:18:08] Successfully restarted
[2023-07-06 12:20:01] Success  Main PID: 10934 (mongod)
[2023-07-06 12:23:00] Failed
Created file: /var/run/mongodb/mongod.pid
Changed ownership of /var/run/mongodb/mongod.pid to mongod:mongod
[2023-07-06 12:23:00] Successfully restarted
[2023-07-06 12:25:01] Failed
Created file: /var/run/mongodb/mongod.pid
Changed ownership of /var/run/mongodb/mongod.pid to mongod:mongod
[2023-07-06 12:25:01] Successfully restarted
[2023-07-06 12:30:01] Success  Main PID: 11907 (mongod)
[2023-07-06 12:35:01] Success  Main PID: 11907 (mongod)
[2023-07-06 12:40:01] Success  Main PID: 11907 (mongod)
[2023-07-06 12:45:02] Success  Main PID: 11907 (mongod)
[2023-07-06 12:50:02] Success  Main PID: 11907 (mongod)
[2023-07-06 12:55:01] Success  Main PID: 11907 (mongod)
[2023-07-06 13:00:01] Success  Main PID: 11907 (mongod)
[2023-07-06 13:04:45] Failed
Created file: /var/run/mongodb/mongod.pid
Changed ownership of /var/run/mongodb/mongod.pid to mongod:mongod
[2023-07-06 13:04:45] Successfully restarted
[2023-07-06 13:05:01] Success  Main PID: 16613 (mongod)
[2023-07-06 13:10:01] Success  Main PID: 16613 (mongod)
[2023-07-06 13:15:01] Success  Main PID: 16613 (mongod)
[2023-07-06 13:20:02] Success  Main PID: 16613 (mongod)
[2023-07-06 13:25:01] Success  Main PID: 16613 (mongod)
[2023-07-06 13:30:01] Success  Main PID: 16613 (mongod)
[2023-07-06 13:35:02] Success  Main PID: 16613 (mongod)
[2023-07-06 13:40:01] Success  Main PID: 16613 (mongod)
[2023-07-06 13:45:01] Success  Main PID: 16613 (mongod)
[2023-07-06 13:50:02] Success  Main PID: 16613 (mongod)
[2023-07-06 13:55:02] Success  Main PID: 16613 (mongod)
[2023-07-06 14:00:01] Success  Main PID: 16613 (mongod)
[2023-07-06 14:05:01] Success  Main PID: 16613 (mongod)
[2023-07-06 14:10:01] Success  Main PID: 16613 (mongod)
[2023-07-06 14:15:01] Success  Main PID: 16613 (mongod)
[2023-07-06 14:20:01] Success  Main PID: 16613 (mongod)
[2023-07-06 14:25:01] Success  Main PID: 16613 (mongod)
[2023-07-06 14:30:02] Success  Main PID: 16613 (mongod)
[2023-07-06 14:35:01] Success  Main PID: 16613 (mongod)
[2023-07-06 14:40:01] Success  Main PID: 16613 (mongod)
[2023-07-06 14:45:01] Success  Main PID: 16613 (mongod)
[2023-07-06 14:50:01] Success  Main PID: 16613 (mongod)
[2023-07-06 14:55:01] Success  Main PID: 16613 (mongod)
[2023-07-06 15:00:01] Success  Main PID: 16613 (mongod)
[2023-07-06 15:05:01] Success  Main PID: 16613 (mongod)
[2023-07-06 15:10:01] Success  Main PID: 16613 (mongod)
[2023-07-06 15:15:01] Success  Main PID: 16613 (mongod)
[2023-07-06 15:20:01] Success  Main PID: 16613 (mongod)
[2023-07-06 15:25:01] Success  Main PID: 16613 (mongod)
[2023-07-06 15:30:02] Success  Main PID: 16613 (mongod)
[2023-07-06 15:35:01] Success  Main PID: 16613 (mongod)
[2023-07-06 15:40:01] Success  Main PID: 16613 (mongod)
[2023-07-06 15:45:01] Success  Main PID: 16613 (mongod)
[2023-07-06 15:50:01] Success  Main PID: 16613 (mongod)
[2023-07-06 15:55:01] Success  Main PID: 16613 (mongod)
[2023-07-06 16:00:01] Success  Main PID: 16613 (mongod)
[2023-07-06 16:05:01] Success  Main PID: 16613 (mongod)
[2023-07-06 16:10:02] Success  Main PID: 16613 (mongod)
[2023-07-06 16:15:02] Success  Main PID: 16613 (mongod)
[2023-07-06 16:20:01] Success  Main PID: 16613 (mongod)
[2023-07-06 16:25:01] Success  Main PID: 16613 (mongod)
[2023-07-06 16:30:01] Success  Main PID: 16613 (mongod)
[2023-07-06 16:35:01] Success  Main PID: 16613 (mongod)
[2023-07-06 16:40:01] Success  Main PID: 16613 (mongod)
[2023-07-06 16:45:01] Success  Main PID: 16613 (mongod)
[2023-07-06 16:50:01] Success  Main PID: 16613 (mongod)
[2023-07-06 16:55:01] Success  Main PID: 16613 (mongod)
[2023-07-06 17:00:01] Success  Main PID: 16613 (mongod)
[2023-07-06 17:05:01] Success  Main PID: 16613 (mongod)
[2023-07-06 17:10:01] Success  Main PID: 16613 (mongod)
[2023-07-06 17:15:01] Success  Main PID: 16613 (mongod)
[2023-07-06 17:20:02] Success  Main PID: 16613 (mongod)
[2023-07-06 17:25:01] Success  Main PID: 16613 (mongod)
[2023-07-06 17:30:01] Success  Main PID: 16613 (mongod)
[2023-07-06 17:35:01] Success  Main PID: 16613 (mongod)
[2023-07-06 17:40:01] Success  Main PID: 16613 (mongod)
[2023-07-06 17:45:01] Success  Main PID: 16613 (mongod)
[2023-07-06 17:50:01] Success  Main PID: 16613 (mongod)
[2023-07-06 17:55:01] Success  Main PID: 16613 (mongod)
[2023-07-06 18:00:01] Success  Main PID: 16613 (mongod)
[2023-07-06 18:05:01] Success  Main PID: 16613 (mongod)
[2023-07-06 18:10:01] Success  Main PID: 16613 (mongod)
[2023-07-06 18:15:02] Success  Main PID: 16613 (mongod)
[2023-07-06 18:20:01] Success  Main PID: 16613 (mongod)
[2023-07-06 18:25:02] Success  Main PID: 16613 (mongod)
[2023-07-06 18:30:01] Success  Main PID: 16613 (mongod)
[2023-07-06 18:35:01] Success  Main PID: 16613 (mongod)
[2023-07-06 18:40:02] Success  Main PID: 16613 (mongod)
[2023-07-06 18:45:01] Success  Main PID: 16613 (mongod)
[2023-07-06 18:50:01] Success  Main PID: 16613 (mongod)
[2023-07-06 18:55:01] Success  Main PID: 16613 (mongod)
[2023-07-06 19:00:01] Success  Main PID: 16613 (mongod)
[2023-07-06 19:05:01] Success  Main PID: 16613 (mongod)
[2023-07-06 19:10:02] Success  Main PID: 16613 (mongod)
[2023-07-06 19:15:02] Success  Main PID: 16613 (mongod)
[2023-07-06 19:20:01] Success  Main PID: 16613 (mongod)
[2023-07-06 19:25:01] Success  Main PID: 16613 (mongod)
[2023-07-06 19:30:01] Success  Main PID: 16613 (mongod)
[2023-07-06 19:35:01] Success  Main PID: 16613 (mongod)
[2023-07-06 19:40:01] Success  Main PID: 16613 (mongod)
[2023-07-06 19:45:01] Success  Main PID: 16613 (mongod)
[2023-07-06 19:50:01] Success  Main PID: 16613 (mongod)
[2023-07-06 19:55:01] Success  Main PID: 16613 (mongod)
[2023-07-06 20:00:01] Success  Main PID: 16613 (mongod)
[2023-07-06 20:05:01] Success  Main PID: 16613 (mongod)
[2023-07-06 20:10:01] Success  Main PID: 16613 (mongod)
[2023-07-06 20:15:02] Success  Main PID: 16613 (mongod)
[2023-07-06 20:20:01] Success  Main PID: 16613 (mongod)
[2023-07-06 20:25:01] Success  Main PID: 16613 (mongod)
[2023-07-06 20:30:01] Success  Main PID: 16613 (mongod)
[2023-07-06 20:35:01] Success  Main PID: 16613 (mongod)
[2023-07-06 20:40:02] Success  Main PID: 16613 (mongod)
[2023-07-06 20:45:01] Success  Main PID: 16613 (mongod)
[2023-07-06 20:50:01] Success  Main PID: 16613 (mongod)
[2023-07-06 20:55:01] Success  Main PID: 16613 (mongod)
[2023-07-06 21:00:01] Success  Main PID: 16613 (mongod)
[2023-07-06 21:05:01] Success  Main PID: 16613 (mongod)
[2023-07-06 21:10:01] Success  Main PID: 16613 (mongod)
[2023-07-06 21:15:01] Success  Main PID: 16613 (mongod)
[2023-07-06 21:20:02] Success  Main PID: 16613 (mongod)
[2023-07-06 21:25:01] Success  Main PID: 16613 (mongod)
[2023-07-06 21:30:01] Success  Main PID: 16613 (mongod)
[2023-07-06 21:35:02] Success  Main PID: 16613 (mongod)
[2023-07-06 21:40:02] Success  Main PID: 16613 (mongod)
[2023-07-06 21:45:01] Success  Main PID: 16613 (mongod)
[2023-07-06 21:50:01] Success  Main PID: 16613 (mongod)
[2023-07-06 21:55:01] Success  Main PID: 16613 (mongod)
[2023-07-06 22:00:01] Success  Main PID: 16613 (mongod)
[2023-07-06 22:05:01] Success  Main PID: 16613 (mongod)
[2023-07-06 22:10:01] Success  Main PID: 16613 (mongod)
[2023-07-06 22:15:02] Success  Main PID: 16613 (mongod)
[2023-07-06 22:20:01] Success  Main PID: 16613 (mongod)
[2023-07-06 22:25:01] Success  Main PID: 16613 (mongod)
[2023-07-06 22:30:01] Success  Main PID: 16613 (mongod)
[2023-07-06 22:35:01] Success  Main PID: 16613 (mongod)
[2023-07-06 22:40:01] Success  Main PID: 16613 (mongod)
[2023-07-06 22:45:01] Success  Main PID: 16613 (mongod)
[2023-07-06 22:50:01] Success  Main PID: 16613 (mongod)
[2023-07-06 22:55:01] Success  Main PID: 16613 (mongod)
[2023-07-06 23:00:02] Success  Main PID: 16613 (mongod)
[2023-07-06 23:05:01] Success  Main PID: 16613 (mongod)
[2023-07-06 23:10:01] Success  Main PID: 16613 (mongod)
[2023-07-06 23:15:01] Success  Main PID: 16613 (mongod)
[2023-07-06 23:20:01] Success  Main PID: 16613 (mongod)
[2023-07-06 23:25:01] Success  Main PID: 16613 (mongod)
[2023-07-06 23:30:01] Success  Main PID: 16613 (mongod)
[2023-07-06 23:35:01] Success  Main PID: 16613 (mongod)
[2023-07-06 23:40:01] Success  Main PID: 16613 (mongod)
[2023-07-06 23:45:01] Success  Main PID: 16613 (mongod)
[2023-07-06 23:50:01] Success  Main PID: 16613 (mongod)
[2023-07-06 23:55:02] Success  Main PID: 16613 (mongod)
[2023-07-07 00:00:02] Success  Main PID: 16613 (mongod)
[2023-07-07 00:05:01] Success  Main PID: 16613 (mongod)
[2023-07-07 00:10:01] Success  Main PID: 16613 (mongod)
[2023-07-07 00:15:02] Success  Main PID: 16613 (mongod)
[2023-07-07 00:20:01] Success  Main PID: 16613 (mongod)
[2023-07-07 00:25:02] Success  Main PID: 16613 (mongod)
[2023-07-07 00:30:01] Success  Main PID: 16613 (mongod)
[2023-07-07 00:35:01] Success  Main PID: 16613 (mongod)
[2023-07-07 00:40:02] Success  Main PID: 16613 (mongod)
[2023-07-07 00:45:01] Success  Main PID: 16613 (mongod)
